Added Component: Designator=XS1(CI1108M1H)
Add component. Clean all parameters for all variants
Added Component: Designator=XS2(CI1102M1H  (F))
Add component. Clean all parameters for all variants
Added Component: Designator=XS3(CI1108M1H - duplicate)
Add component. Clean all parameters for all variants
Added Component: Designator=XS4(CI1102M1H)
Add component. Clean all parameters for all variants
Added Component: Designator=XS5(CI1102M1H  (F))
Add component. Clean all parameters for all variants
Added Pin To Net: NetName=+5V D Pin=DD3-5
Added Pin To Net: NetName=NetDA33_6 Pin=XS1-1
Added Pin To Net: NetName=NetDA33_7 Pin=XS1-2
Added Pin To Net: NetName=NetDA33_8 Pin=XS1-3
Added Pin To Net: NetName=NetDA33_9 Pin=XS1-4
Added Pin To Net: NetName=NetDA33_17 Pin=XS1-5
Added Pin To Net: NetName=NetDA33_18 Pin=XS1-6
Added Pin To Net: NetName=NetDA33_19 Pin=XS1-7
Added Pin To Net: NetName=GND A Pin=XS1-9
Added Pin To Net: NetName=+5V D Pin=XS2-1
Added Pin To Net: NetName=GND D Pin=XS2-2
Added Pin To Net: NetName=+5V A Pin=XS3-1
Added Pin To Net: NetName=GND A Pin=XS3-2
Added Pin To Net: NetName=-5V A Pin=XS3-3
Added Pin To Net: NetName=+5V A Pin=XS4-1
Added Pin To Net: NetName=NetDA4_2 Pin=XS4-2
Added Pin To Net: NetName=NetDA4_3 Pin=XS4-3
Added Pin To Net: NetName=GND A Pin=XS4-4
Added Pin To Net: NetName=NetDD6_10 Pin=XS5-1
Added Pin To Net: NetName=GND D Pin=XS5-2
Added Member To Class: ClassName=Схема принципиальная3 Member=Component XS1 XS 10Pin
Added Member To Class: ClassName=Схема принципиальная3 Member=Component XS2 XS 2Pin (D)
Added Member To Class: ClassName=Схема принципиальная3 Member=Component XS3 XS 3Pin (A)
Added Member To Class: ClassName=Схема принципиальная3 Member=Component XS4 XS Датчик
Added Member To Class: ClassName=Схема принципиальная3 Member=Component XS5 XS 2Pin_1
