Removed Pin From Net: NetName=A Pin=C26-2
Removed Pin From Net: NetName=A Pin=DA1-1
Removed Pin From Net: NetName=+5V A Pin=DA1-5
Removed Pin From Net: NetName=A Pin=DA2-2
Removed Pin From Net: NetName=+5V A Pin=DA2-5
Removed Pin From Net: NetName=NetDA5_6 Pin=DA3-4
Removed Pin From Net: NetName=NetDD1_2 Pin=DD1-2
Removed Pin From Net: NetName=NetDD1_6 Pin=DD1-9
Removed Pin From Net: NetName=NetDD2_12 Pin=DD2-12
Removed Pin From Net: NetName=NetDD1_1 Pin=DD3-1
Removed Pin From Net: NetName=D Pin=DD3-2
Removed Pin From Net: NetName=D Pin=DD3-4
Removed Pin From Net: NetName=D Pin=DD3-12
Removed Pin From Net: NetName=NetDD1_10 Pin=DD3-13
Removed Pin From Net: NetName=NetDD1_8 Pin=DD3-14
Removed Pin From Net: NetName=D Pin=DD3-15
Removed Pin From Net: NetName=D Pin=DD5-1
Removed Pin From Net: NetName=D Pin=DD5-2
Removed Pin From Net: NetName=D Pin=DD5-4
Removed Pin From Net: NetName=D Pin=DD5-12
Removed Pin From Net: NetName=NetDD1_6 Pin=DD5-13
Removed Pin From Net: NetName=NetDD2_1 Pin=DD5-15
Removed Pin From Net: NetName=NetDD2_10 Pin=DD6-11
Removed Pin From Net: NetName=NetDD3_10 Pin=DD6-12
Removed Pin From Net: NetName=D Pin=DD7-2
Removed Pin From Net: NetName=D Pin=DD7-4
Removed Pin From Net: NetName=D Pin=DD7-12
Removed Pin From Net: NetName=NetDD1_3 Pin=DD7-13
Removed Pin From Net: NetName=NetDD2_1 Pin=DD7-14
Removed Pin From Net: NetName=D Pin=DD7-15
Removed Pin From Net: NetName=A Pin=R2-1
Removed Pin From Net: NetName=+5V A Pin=R3-2
Removed Pin From Net: NetName=+5V A Pin=R5-2
Removed Pin From Net: NetName=A Pin=R6-2
Removed Pin From Net: NetName=A Pin=R9-1
Removed Pin From Net: NetName=NetDA4_2 Pin=VT2-3
Removed Pin From Net: NetName=NetDA33_6 Pin=XS1-1
Removed Pin From Net: NetName=NetDA33_7 Pin=XS1-2
Removed Pin From Net: NetName=NetDA33_8 Pin=XS1-3
Removed Pin From Net: NetName=NetDA33_9 Pin=XS1-4
Removed Pin From Net: NetName=NetDA33_17 Pin=XS1-5
Removed Pin From Net: NetName=NetDA33_18 Pin=XS1-6
Removed Pin From Net: NetName=NetDA33_19 Pin=XS1-7
Removed Pin From Net: NetName=NetDA33_20 Pin=XS1-8
Removed Member From Class: ClassName=—хема принципиальна€111 Member=C26
Removed Member From Class: ClassName=—хема принципиальна€111 Member=C27
Removed Member From Class: ClassName=—хема принципиальна€111 Member=DA1
Removed Member From Class: ClassName=—хема принципиальна€111 Member=DA2
Removed Member From Class: ClassName=—хема принципиальна€111 Member=R3
Removed Member From Class: ClassName=—хема принципиальна€111 Member=R4
Removed Member From Class: ClassName=—хема принципиальна€111 Member=R5
Removed Member From Class: ClassName=—хема принципиальна€111 Member=R6
Removed Member From Class: ClassName=—хема принципиальна€111 Member=R7
Removed Member From Class: ClassName=—хема принципиальна€111 Member=R8
Removed Member From Class: ClassName=—хема принципиальна€111 Member=R9
Removed Member From Class: ClassName=—хема принципиальна€111 Member=VT1
Removed Member From Class: ClassName=—хема принципиальна€111 Member=VT2
Change Component Footprint: Designator=R1 Old Footprint=0.125¬т 0805 3 кќм, 5%, „ип резистор (SMD) New Footprint=0.125¬т 0805 51 кќм, 5%, „ип резистор (SMD)
Change Component Footprint: Designator=R2 Old Footprint=0.125¬т 0805 3 кќм, 5%, „ип резистор (SMD) New Footprint=0.125¬т 0805 51 кќм, 5%, „ип резистор (SMD)
Change Component Comment : Designator=R1 Old Comment=3k New Comment=51k
Change Component Comment : Designator=DD3 Old Comment=74HC40510 New Comment=ћультиплексор
Change Component Comment : Designator=DD5 Old Comment=74HC40510 New Comment=ћультиплексор
Change Component Comment : Designator=DD7 Old Comment=74HC40510 New Comment=ћультиплексор
Change Component Comment : Designator=R2 Old Comment=200 New Comment=51k
Change Component Designator: OldDesignator=DA3 NewDesignator=DA33
Change Component Designator: OldDesignator=R19 NewDesignator=R22
Change Component Designator: OldDesignator=R22 NewDesignator=R19
Change Component Designator: OldDesignator=SB1 NewDesignator=SB4
Change Component Designator: OldDesignator=SB4 NewDesignator=SB1
Added Component: Designator=XS6(CI1102M1H)
Added Pin To Net: NetName=NetDA5_6 Pin=DA33-1
Added Pin To Net: NetName=NetDD1_1 Pin=DD1-9
Added Pin To Net: NetName=NetDD3_10 Pin=DD2-12
Added Pin To Net: NetName=NetDD1_6 Pin=DD2-14
Added Pin To Net: NetName=NetDD2_1 Pin=DD3-1
Added Pin To Net: NetName=+5V D Pin=DD3-2
Added Pin To Net: NetName=+5V D Pin=DD3-4
Added Pin To Net: NetName=+5V D Pin=DD3-5
Added Pin To Net: NetName=+5V D Pin=DD3-12
Added Pin To Net: NetName=+5V D Pin=DD3-13
Added Pin To Net: NetName=D Pin=DD3-14
Added Pin To Net: NetName=+5V D Pin=DD3-15
Added Pin To Net: NetName=NetDD1_6 Pin=DD5-1
Added Pin To Net: NetName=+5V D Pin=DD5-2
Added Pin To Net: NetName=NetDD1_8 Pin=DD5-4
Added Pin To Net: NetName=NetDD1_1 Pin=DD5-5
Added Pin To Net: NetName=+5V D Pin=DD5-12
Added Pin To Net: NetName=D Pin=DD5-13
Added Pin To Net: NetName=NetDD1_3 Pin=DD5-14
Added Pin To Net: NetName=D Pin=DD5-15
Added Pin To Net: NetName=NetDD2_12 Pin=DD6-11
Added Pin To Net: NetName=NetDD2_10 Pin=DD6-12
Added Pin To Net: NetName=+5V D Pin=DD7-2
Added Pin To Net: NetName=+5V D Pin=DD7-4
Added Pin To Net: NetName=+5V D Pin=DD7-12
Added Pin To Net: NetName=+5V D Pin=DD7-13
Added Pin To Net: NetName=+5V D Pin=DD7-14
Added Pin To Net: NetName=+5V D Pin=DD7-15
Added Pin To Net: NetName=NetDA4_2 Pin=R1-2
Added Pin To Net: NetName=NetDA4_2 Pin=R2-1
Added Pin To Net: NetName=+5V A Pin=R2-2
Added Pin To Net: NetName=NetDA33_20 Pin=XS1-1
Added Pin To Net: NetName=NetDA33_19 Pin=XS1-2
Added Pin To Net: NetName=NetDA33_18 Pin=XS1-3
Added Pin To Net: NetName=NetDA33_17 Pin=XS1-4
Added Pin To Net: NetName=NetDA33_9 Pin=XS1-5
Added Pin To Net: NetName=NetDA33_8 Pin=XS1-6
Added Pin To Net: NetName=NetDA33_7 Pin=XS1-7
Added Pin To Net: NetName=NetDA33_6 Pin=XS1-8
Added Pin To Net: NetName=A Pin=XS4-3
Added Pin To Net: NetName=+5V A Pin=XS6-1
Added Pin To Net: NetName=A Pin=XS6-2
Added Pin To Net: NetName=NetDA4_2 Pin=XS6-3
Added Pin To Net: NetName=A Pin=XS6-4
Change Net Name : Old Net Name=NetDD1_2 New Net Name=NetDD2_6
Change Net Name : Old Net Name=NetDD2_12 New Net Name=NetDD3_9
Change Net Name : Old Net Name=NetDD3_10 New Net Name=NetDD2_12
Added Pin To Net: NetName=NetDA33_14 Pin=DA33-14
Added Pin To Net: NetName=NetDA33_14 Pin=R14-1
Added Net: Name=NetDA33_14
Added Pin To Net: NetName=NetDD1_2 Pin=DD1-2
Added Pin To Net: NetName=NetDD1_2 Pin=DD7-5
Added Pin To Net: NetName=NetDD1_2 Pin=R20-1
Added Pin To Net: NetName=NetDD1_2 Pin=SB2-2
Added Net: Name=NetDD1_2
Added Member To Class: ClassName=—хема принципиальна€111 Member=Component XS6 XS ƒатчик
Added Room: Name=—хема принципиальна€111
