Removed Pin From Net: NetName=NetC27_2 Pin=DA2-1
Removed Pin From Net: NetName=A Pin=DA2-2
Removed Pin From Net: NetName=NetC27_1 Pin=DA2-4
Removed Pin From Net: NetName=+5V A Pin=DA2-5
Removed Pin From Net: NetName=A Pin=DA33-10
Removed Pin From Net: NetName=NetDA4_3 Pin=DA33-14
Removed Pin From Net: NetName=A Pin=DA33-16
Removed Pin From Net: NetName=A Pin=DA33-21
Removed Pin From Net: NetName=A Pin=DA33-22
Removed Pin From Net: NetName=NetDD1_2 Pin=DD1-10
Removed Pin From Net: NetName=NetDD2_6 Pin=DD2-6
Removed Pin From Net: NetName=NetDD1_6 Pin=DD2-14
Removed Pin From Net: NetName=+5V D Pin=DD3-1
Removed Pin From Net: NetName=NetDD2_1 Pin=DD3-2
Removed Pin From Net: NetName=+5V D Pin=DD3-4
Removed Pin From Net: NetName=D Pin=DD3-13
Removed Pin From Net: NetName=NetDD1_3 Pin=DD5-2
Removed Pin From Net: NetName=+5V D Pin=DD5-4
Removed Pin From Net: NetName=NetDD1_8 Pin=DD5-5
Removed Pin From Net: NetName=D Pin=DD5-13
Removed Pin From Net: NetName=+5V D Pin=DD7-1
Removed Pin From Net: NetName=NetDD2_1 Pin=DD7-4
Removed Pin From Net: NetName=+5V D Pin=DD7-5
Removed Pin From Net: NetName=+5V D Pin=DD7-12
Removed Pin From Net: NetName=+5V D Pin=DD7-13
Removed Pin From Net: NetName=+5V D Pin=DD7-14
Removed Pin From Net: NetName=NetDD1_1 Pin=DD8-1
Removed Pin From Net: NetName=D Pin=DD8-8
Removed Pin From Net: NetName=+5V D Pin=DD8-16
Removed Pin From Net: NetName=NetDA4_3 Pin=R14-1
Removed Pin From Net: NetName=A Pin=R14-2
Removed Pin From Net: NetName=NetDA4_2 Pin=VT2-3
Removed Pin From Net: NetName=A Pin=XS1-9
Removed Pin From Net: NetName=A Pin=XS1-10
Removed Pin From Net: NetName=NetDA4_2 Pin=XS4-2
Removed Pin From Net: NetName=NetDA4_3 Pin=XS4-3
Removed Member From Class: ClassName=Схема принципиальная111 Member=DA2
Removed Member From Class: ClassName=Схема принципиальная111 Member=DD8
Added Component: Designator=DA?(ОУ для источника тока)
Added Component: Designator=R24(0.125Вт 0805 15Ом, 5%, Чип резистор (SMD))
Added Component: Designator=R25(0.125Вт 0805 15Ом, 5%, Чип резистор (SMD))
Added Component: Designator=R26(0.125Вт 0805 15Ом, 5%, Чип резистор (SMD))
Added Component: Designator=R27(0.125Вт 0805 15Ом, 5%, Чип резистор (SMD))
Added Pin To Net: NetName=D Pin=DA33-10
Added Pin To Net: NetName=D Pin=DA33-16
Added Pin To Net: NetName=D Pin=DA33-21
Added Pin To Net: NetName=D Pin=DA33-22
Added Pin To Net: NetName=NetC27_2 Pin=DA?-1
Added Pin To Net: NetName=A Pin=DA?-2
Added Pin To Net: NetName=NetC27_1 Pin=DA?-4
Added Pin To Net: NetName=+5V A Pin=DA?-5
Added Pin To Net: NetName=NetDD1_6 Pin=DD1-9
Added Pin To Net: NetName=NetDD2_6 Pin=DD1-13
Added Pin To Net: NetName=NetDD1_2 Pin=DD2-6
Added Pin To Net: NetName=NetDD1_1 Pin=DD3-1
Added Pin To Net: NetName=D Pin=DD3-2
Added Pin To Net: NetName=D Pin=DD3-4
Added Pin To Net: NetName=D Pin=DD3-5
Added Pin To Net: NetName=NetDD1_8 Pin=DD3-14
Added Pin To Net: NetName=D Pin=DD5-2
Added Pin To Net: NetName=D Pin=DD5-4
Added Pin To Net: NetName=D Pin=DD5-5
Added Pin To Net: NetName=NetDD1_6 Pin=DD5-13
Added Pin To Net: NetName=NetDD2_1 Pin=DD5-15
Added Pin To Net: NetName=D Pin=DD7-1
Added Pin To Net: NetName=D Pin=DD7-4
Added Pin To Net: NetName=D Pin=DD7-5
Added Pin To Net: NetName=D Pin=DD7-12
Added Pin To Net: NetName=NetDD1_3 Pin=DD7-13
Added Pin To Net: NetName=NetDD2_1 Pin=DD7-14
Added Pin To Net: NetName=D Pin=R14-2
Added Pin To Net: NetName=NetDD1_1 Pin=R19-1
Added Pin To Net: NetName=A Pin=R24-1
Added Pin To Net: NetName=NetDA4_3 Pin=R25-1
Added Pin To Net: NetName=A Pin=R25-2
Added Pin To Net: NetName=A Pin=R26-2
Added Pin To Net: NetName=NetDA4_2 Pin=R27-2
Added Pin To Net: NetName=NetDD1_1 Pin=SB1-2
Added Pin To Net: NetName=D Pin=XS1-9
Added Pin To Net: NetName=D Pin=XS1-10
Added Pin To Net: NetName=NetDA4_3 Pin=XS4-2
Change Net Name : Old Net Name=NetDD2_6 New Net Name=NetDD1_13
Added Pin To Net: NetName=NetDA33_14 Pin=DA33-14
Added Pin To Net: NetName=NetDA33_14 Pin=R14-1
Added Net: Name=NetDA33_14
Added Pin To Net: NetName=NetDA?_3 Pin=DA?-3
Added Pin To Net: NetName=NetDA?_3 Pin=R3-1
Added Pin To Net: NetName=NetDA?_3 Pin=VT1-3
Added Net: Name=NetDA?_3
Added Pin To Net: NetName=NetDD1_10 Pin=DD1-10
Added Pin To Net: NetName=NetDD1_10 Pin=DD2-9
Added Pin To Net: NetName=NetDD1_10 Pin=DD3-13
Added Net: Name=NetDD1_10
Added Pin To Net: NetName=NetDD2_14 Pin=DD2-14
Added Pin To Net: NetName=NetDD2_14 Pin=R20-1
Added Pin To Net: NetName=NetDD2_14 Pin=SB2-2
Added Net: Name=NetDD2_14
Added Pin To Net: NetName=NetR24_2 Pin=R24-2
Added Pin To Net: NetName=NetR24_2 Pin=VT2-3
Added Net: Name=NetR24_2
Added Pin To Net: NetName=NetR27_1 Pin=R27-1
Added Pin To Net: NetName=NetR27_1 Pin=XS4-3
Added Net: Name=NetR27_1
Change Class Name : Old Net Name=Схема принципиальная111 New Net Name=Схема принципиальная222
Added Member To Class: ClassName=Схема принципиальная222 Member=Component DA? DA7
Added Member To Class: ClassName=Схема принципиальная222 Member=Component R22 10k
Added Member To Class: ClassName=Схема принципиальная222 Member=Component R24 0.125Вт 0805 15Ом, 5%, Чип резистор (SMD)_2_1
Added Member To Class: ClassName=Схема принципиальная222 Member=Component R25 0.125Вт 0805 15Ом, 5%, Чип резистор (SMD)_2_1
Added Member To Class: ClassName=Схема принципиальная222 Member=Component R26 0.125Вт 0805 15Ом, 5%, Чип резистор (SMD)_2_1
Added Member To Class: ClassName=Схема принципиальная222 Member=Component R27 0.125Вт 0805 15Ом, 5%, Чип резистор (SMD)_2_1
Added Member To Class: ClassName=Схема принципиальная222 Member=Component SB4 Выключатель кнопочный с замыкающим контактом
Added Room: Name=Схема принципиальная222
