Removed Pin From Net: NetName=GND A Pin=XS1-9
Removed Pin From Net: NetName=GND A Pin=XS1-10
Removed Pin From Net: NetName=GND A Pin=XS1-11
Removed Pin From Net: NetName=GND A Pin=XS1-12
Removed Pin From Net: NetName=GND D Pin=XS2-3
Removed Pin From Net: NetName=GND D Pin=XS2-4
Removed Pin From Net: NetName=GND A Pin=XS3-4
Removed Pin From Net: NetName=GND A Pin=XS3-5
Removed Pin From Net: NetName=GND A Pin=XS4-5
Removed Pin From Net: NetName=GND A Pin=XS4-6
Removed Pin From Net: NetName=GND D Pin=XS5-3
Removed Pin From Net: NetName=GND D Pin=XS5-4
Added Component: Designator=R23(0.125Вт 0805 82Ом, 5%, Чип резистор (SMD))
Add component. Clean all parameters for all variants
Added Pin To Net: NetName=+5V D Pin=DD3-5
Added Pin To Net: NetName=NetDA33_20 Pin=DA3-20
Added Pin To Net: NetName=NetDA33_20 Pin=XS1-8
Added Net: Name=NetDA33_20
Added Pin To Net: NetName=NetR23_1 Pin=R23-1
Added Pin To Net: NetName=NetR23_1 Pin=XS1-10
Added Net: Name=NetR23_1
Added Pin To Net: NetName=NetR23_2 Pin=R23-2
Added Pin To Net: NetName=NetR23_2 Pin=XS1-9
Added Net: Name=NetR23_2
Change Class Name : Old Net Name=Схема принципиальная3 New Net Name=Схема принципиальная111
Added Member To Class: ClassName=Схема принципиальная111 Member=Component R23 0
