Added Component: Designator=In(2ץ1 SMD)
Add component (AddParameter): Name = "CommentText"; Value = ""׀אחתול""; VariantName = "[No Variations]"
Add component (AddParameter): Name = "CurrentMax"; Value = "1A"; VariantName = "[No Variations]"
Add component (AddParameter): Name = "HelpURL"; Value = "https://www.digikey.com/product-detail/en/jst-sales-america-inc/SM04B-GHS-TB-LF-SN/455-1566-1-ND/807834"; VariantName = "[No Variations]"
Add component (AddParameter): Name = "Manufacturer"; Value = "JST"; VariantName = "[No Variations]"
Add component (AddParameter): Name = "Multichannel"; Value = "4pin"; VariantName = "[No Variations]"
Add component (AddParameter): Name = "PartNumber"; Value = "SM04B-GHS"; VariantName = "[No Variations]"
Add component (AddParameter): Name = "Pitch"; Value = "1.25mm"; VariantName = "[No Variations]"
Add component (AddParameter): Name = "TypeConnector"; Value = "Connector"; VariantName = "[No Variations]"
Add component (AddParameter): Name = "ValueManufacturerPartNumber"; Value = "Connector, 4pin, 1.25mm, 50VDC, 1A"; VariantName = "[No Variations]"
Add component (AddParameter): Name = "VoltageMax"; Value = "50VDC"; VariantName = "[No Variations]"
Added Component: Designator=Out(2ץ1 SMD)
Add component (AddParameter): Name = "CommentText"; Value = ""׀אחתול""; VariantName = "[No Variations]"
Add component (AddParameter): Name = "CurrentMax"; Value = "1A"; VariantName = "[No Variations]"
Add component (AddParameter): Name = "HelpURL"; Value = "https://www.digikey.com/product-detail/en/jst-sales-america-inc/SM04B-GHS-TB-LF-SN/455-1566-1-ND/807834"; VariantName = "[No Variations]"
Add component (AddParameter): Name = "Manufacturer"; Value = "JST"; VariantName = "[No Variations]"
Add component (AddParameter): Name = "Multichannel"; Value = "4pin"; VariantName = "[No Variations]"
Add component (AddParameter): Name = "PartNumber"; Value = "SM04B-GHS"; VariantName = "[No Variations]"
Add component (AddParameter): Name = "Pitch"; Value = "1.25mm"; VariantName = "[No Variations]"
Add component (AddParameter): Name = "TypeConnector"; Value = "Connector"; VariantName = "[No Variations]"
Add component (AddParameter): Name = "ValueManufacturerPartNumber"; Value = "Connector, 4pin, 1.25mm, 50VDC, 1A"; VariantName = "[No Variations]"
Add component (AddParameter): Name = "VoltageMax"; Value = "50VDC"; VariantName = "[No Variations]"
Added Component: Designator=Vcc(2ץ1 SMD)
Add component (AddParameter): Name = "CommentText"; Value = ""׀אחתול""; VariantName = "[No Variations]"
Add component (AddParameter): Name = "CurrentMax"; Value = "1A"; VariantName = "[No Variations]"
Add component (AddParameter): Name = "HelpURL"; Value = "https://www.digikey.com/product-detail/en/jst-sales-america-inc/SM04B-GHS-TB-LF-SN/455-1566-1-ND/807834"; VariantName = "[No Variations]"
Add component (AddParameter): Name = "Manufacturer"; Value = "JST"; VariantName = "[No Variations]"
Add component (AddParameter): Name = "Multichannel"; Value = "4pin"; VariantName = "[No Variations]"
Add component (AddParameter): Name = "PartNumber"; Value = "SM04B-GHS"; VariantName = "[No Variations]"
Add component (AddParameter): Name = "Pitch"; Value = "1.25mm"; VariantName = "[No Variations]"
Add component (AddParameter): Name = "TypeConnector"; Value = "Connector"; VariantName = "[No Variations]"
Add component (AddParameter): Name = "ValueManufacturerPartNumber"; Value = "Connector, 4pin, 1.25mm, 50VDC, 1A"; VariantName = "[No Variations]"
Add component (AddParameter): Name = "VoltageMax"; Value = "50VDC"; VariantName = "[No Variations]"
Added Pin To Net: NetName=GND Pin=In-1
Added Pin To Net: NetName=NetIn_2 Pin=In-2
Added Pin To Net: NetName=NetC1_1 Pin=Out-1
Added Pin To Net: NetName=GND Pin=Out-2
Added Pin To Net: NetName=NetR1_2 Pin=Vcc-1
Added Pin To Net: NetName=NetR12_2 Pin=Vcc-2
Added Member To Class: ClassName=Sheet(sanya) Member=Component In 2ץ1
Added Member To Class: ClassName=Sheet(sanya) Member=Component Out 2ץ1
Added Member To Class: ClassName=Sheet(sanya) Member=Component Vcc 2ץ1
