Removed Pin From Net: NetName=GND Pin=In-1
Removed Pin From Net: NetName=NetC1_1 Pin=Out-1
Removed Pin From Net: NetName=GND Pin=Out-2
Removed Pin From Net: NetName=NetR1_2 Pin=Vcc-1
Removed Pin From Net: NetName=NetR12_2 Pin=Vcc-2
Removed Member From Class: ClassName=Sheet(sanya) Member=In
Removed Member From Class: ClassName=Sheet(sanya) Member=Out
Removed Member From Class: ClassName=Sheet(sanya) Member=Vcc
Added Component: Designator=X?(CON: SM04B-GHS)
Add component (AddParameter): Name = "CommentText"; Value = ""׀אחתול""; VariantName = "[No Variations]"
Add component (AddParameter): Name = "CurrentMax"; Value = "1A"; VariantName = "[No Variations]"
Add component (AddParameter): Name = "HelpURL"; Value = "https://www.digikey.com/product-detail/en/jst-sales-america-inc/SM04B-GHS-TB-LF-SN/455-1566-1-ND/807834"; VariantName = "[No Variations]"
Add component (AddParameter): Name = "Manufacturer"; Value = "JST"; VariantName = "[No Variations]"
Add component (AddParameter): Name = "Multichannel"; Value = "4pin"; VariantName = "[No Variations]"
Add component (AddParameter): Name = "PartNumber"; Value = "SM04B-GHS"; VariantName = "[No Variations]"
Add component (AddParameter): Name = "Pitch"; Value = "1.25mm"; VariantName = "[No Variations]"
Add component (AddParameter): Name = "TypeConnector"; Value = "Connector"; VariantName = "[No Variations]"
Add component (AddParameter): Name = "ValueManufacturerPartNumber"; Value = "Connector, 4pin, 1.25mm, 50VDC, 1A"; VariantName = "[No Variations]"
Add component (AddParameter): Name = "VoltageMax"; Value = "50VDC"; VariantName = "[No Variations]"
Added Component: Designator=X?(CON: SM04B-GHS)
Add component (AddParameter): Name = "CommentText"; Value = ""׀אחתול""; VariantName = "[No Variations]"
Add component (AddParameter): Name = "CurrentMax"; Value = "1A"; VariantName = "[No Variations]"
Add component (AddParameter): Name = "HelpURL"; Value = "https://www.digikey.com/product-detail/en/jst-sales-america-inc/SM04B-GHS-TB-LF-SN/455-1566-1-ND/807834"; VariantName = "[No Variations]"
Add component (AddParameter): Name = "Manufacturer"; Value = "JST"; VariantName = "[No Variations]"
Add component (AddParameter): Name = "Multichannel"; Value = "4pin"; VariantName = "[No Variations]"
Add component (AddParameter): Name = "PartNumber"; Value = "SM04B-GHS"; VariantName = "[No Variations]"
Add component (AddParameter): Name = "Pitch"; Value = "1.25mm"; VariantName = "[No Variations]"
Add component (AddParameter): Name = "TypeConnector"; Value = "Connector"; VariantName = "[No Variations]"
Add component (AddParameter): Name = "ValueManufacturerPartNumber"; Value = "Connector, 4pin, 1.25mm, 50VDC, 1A"; VariantName = "[No Variations]"
Add component (AddParameter): Name = "VoltageMax"; Value = "50VDC"; VariantName = "[No Variations]"
Added Component: Designator=X?(CON: SM04B-GHS)
Add component (AddParameter): Name = "CommentText"; Value = ""׀אחתול""; VariantName = "[No Variations]"
Add component (AddParameter): Name = "CurrentMax"; Value = "1A"; VariantName = "[No Variations]"
Add component (AddParameter): Name = "HelpURL"; Value = "https://www.digikey.com/product-detail/en/jst-sales-america-inc/SM04B-GHS-TB-LF-SN/455-1566-1-ND/807834"; VariantName = "[No Variations]"
Add component (AddParameter): Name = "Manufacturer"; Value = "JST"; VariantName = "[No Variations]"
Add component (AddParameter): Name = "Multichannel"; Value = "4pin"; VariantName = "[No Variations]"
Add component (AddParameter): Name = "PartNumber"; Value = "SM04B-GHS"; VariantName = "[No Variations]"
Add component (AddParameter): Name = "Pitch"; Value = "1.25mm"; VariantName = "[No Variations]"
Add component (AddParameter): Name = "TypeConnector"; Value = "Connector"; VariantName = "[No Variations]"
Add component (AddParameter): Name = "ValueManufacturerPartNumber"; Value = "Connector, 4pin, 1.25mm, 50VDC, 1A"; VariantName = "[No Variations]"
Add component (AddParameter): Name = "VoltageMax"; Value = "50VDC"; VariantName = "[No Variations]"
Added Pin To Net: NetName=NetC1_1 Pin=X?-1
Added Pin To Net: NetName=NetR1_2 Pin=X?-1
Added Pin To Net: NetName=GND Pin=X?-2
Added Pin To Net: NetName=GND Pin=X?-2
Added Pin To Net: NetName=NetR12_2 Pin=X?-2
Added Pin To Net: NetName=NetR2_1 Pin=R2-1
Added Pin To Net: NetName=NetR2_1 Pin=X?-1
Added Net: Name=NetR2_1
Added Member To Class: ClassName=Sheet(sanya) Member=Component X? Connector, 4pin, 1.25mm, 50VDC, 1A
Added Member To Class: ClassName=Sheet(sanya) Member=Component X? Connector, 4pin, 1.25mm, 50VDC, 1A
Added Member To Class: ClassName=Sheet(sanya) Member=Component X? Connector, 4pin, 1.25mm, 50VDC, 1A
