Removed Pin From Net: NetName=GND Pin=C2-1
Removed Pin From Net: NetName=NetC3_1 Pin=C3-1
Removed Pin From Net: NetName=GND Pin=C3-2
Removed Pin From Net: NetName=GND Pin=C4-1
Removed Pin From Net: NetName=NetC3_1 Pin=C4-2
Removed Pin From Net: NetName=GND Pin=DA1-4
Removed Pin From Net: NetName=NetC3_1 Pin=DA1-7
Removed Pin From Net: NetName=GND Pin=VD1-1
Removed Pin From Net: NetName=NetC3_1 Pin=VT1-3
Removed Member From Class: ClassName=Схема принципиальная Member=C1
Removed Member From Class: ClassName=Схема принципиальная Member=C2
Removed Member From Class: ClassName=Схема принципиальная Member=C3
Removed Member From Class: ClassName=Схема принципиальная Member=C4
Removed Member From Class: ClassName=Схема принципиальная Member=DA1
Removed Member From Class: ClassName=Схема принципиальная Member=VD1
Change Component Footprint: Designator=XS1 Old Footprint=DG126-5.0-02P New Footprint=CI1102M1H  (F)
Change Component Footprint: Designator=XS2 Old Footprint=DG126-5.0-02P New Footprint=CI1102M1H  (F)
Change Component Comment : Designator=R2 Old Comment=7,5k New Comment=6.2k
Change Component Comment : Designator=R3 Old Comment=18k New Comment=6.2k
Change Component Comment : Designator=R1 Old Comment=300 New Comment=100k
Change Component Comment : Designator=VT1 Old Comment=IRLML2402TRPBF New Comment=Полевойтранзистор с изолированым затвором
Change Component Comment : Designator=XS2 Old Comment=XS 2 pin 9v New Comment=DG126-5.0-0.2P_1
Change Component Comment : Designator=XS1 Old Comment=XS 2 pin 220 B New Comment=DG126-5.0-0.2P
Added Component: Designator=R4(0805)
Added Component: Designator=VT2(SOT23)
Added Component: Designator=VT3(SOT23)
Added Component: Designator=VT4(SOT23)
Added Pin To Net: NetName=GND Pin=R4-2
Added Pin To Net: NetName=NetVT1_2 Pin=VT2-2
Added Pin To Net: NetName=NetC3_1 Pin=VT2-3
Added Pin To Net: NetName=NetC3_1 Pin=VT4-2
Change Net Name : Old Net Name=NetC3_1 New Net Name=NetR1_2
Added Pin To Net: NetName=NetR1_1 Pin=R1-1
Added Pin To Net: NetName=NetR1_1 Pin=VT1-3
Added Pin To Net: NetName=NetR1_1 Pin=VT3-2
Added Net: Name=NetR1_1
Added Pin To Net: NetName=NetR2_1 Pin=R2-1
Added Pin To Net: NetName=NetR2_1 Pin=VT3-1
Added Net: Name=NetR2_1
Added Pin To Net: NetName=NetR4_1 Pin=R4-1
Added Pin To Net: NetName=NetR4_1 Pin=VT4-3
Added Net: Name=NetR4_1
Change Class Name : Old Net Name=Схема принципиальная New Net Name=СФ МЭИ ЛБ ПЭ2-18 11.03.04 03 Э3
Added Member To Class: ClassName=СФ МЭИ ЛБ ПЭ2-18 11.03.04 03 Э3 Member=Component R4 6.8K
Added Member To Class: ClassName=СФ МЭИ ЛБ ПЭ2-18 11.03.04 03 Э3 Member=Component VT2 Биполярный транзистор n-p-n
Added Member To Class: ClassName=СФ МЭИ ЛБ ПЭ2-18 11.03.04 03 Э3 Member=Component VT3 Биполярный транзистор n-p-n
Added Member To Class: ClassName=СФ МЭИ ЛБ ПЭ2-18 11.03.04 03 Э3 Member=Component VT4 Полевой транзистор с изолированым затвором n-типа
Added Room: Name=СФ МЭИ ЛБ ПЭ2-18 11.03.04 03 Э3
