Added Component: Designator=C1(1632)
Add component. Clean all parameters for all variants
Add component (AddParameter): Name = "Analog"; Value = ""; VariantName = "[No Variations]"
Add component (AddParameter): Name = "Case"; Value = ""; VariantName = "[No Variations]"
Add component (AddParameter): Name = "Note"; Value = ""; VariantName = "[No Variations]"
Add component (AddParameter): Name = "PrefVal"; Value = "K50-35"; VariantName = "[No Variations]"
Add component (AddParameter): Name = "Producer"; Value = ""; VariantName = "[No Variations]"
Add component (AddParameter): Name = "SuffVal"; Value = ""; VariantName = "[No Variations]"
Add component (AddParameter): Name = "Title"; Value = "Конденсатор"; VariantName = "[No Variations]"
Added Component: Designator=C4(1632)
Add component. Clean all parameters for all variants
Add component (AddParameter): Name = "Analog"; Value = ""; VariantName = "[No Variations]"
Add component (AddParameter): Name = "Case"; Value = ""; VariantName = "[No Variations]"
Add component (AddParameter): Name = "Note"; Value = ""; VariantName = "[No Variations]"
Add component (AddParameter): Name = "PrefVal"; Value = "K50-35"; VariantName = "[No Variations]"
Add component (AddParameter): Name = "Producer"; Value = ""; VariantName = "[No Variations]"
Add component (AddParameter): Name = "SuffVal"; Value = ""; VariantName = "[No Variations]"
Add component (AddParameter): Name = "Title"; Value = "Конденсатор"; VariantName = "[No Variations]"
Added Component: Designator=C6(K50-35-16V_0511)
Add component. Clean all parameters for all variants
Add component (AddParameter): Name = "Analog"; Value = ""; VariantName = "[No Variations]"
Add component (AddParameter): Name = "Case"; Value = ""; VariantName = "[No Variations]"
Add component (AddParameter): Name = "Note"; Value = ""; VariantName = "[No Variations]"
Add component (AddParameter): Name = "PrefVal"; Value = "K50-35"; VariantName = "[No Variations]"
Add component (AddParameter): Name = "Producer"; Value = ""; VariantName = "[No Variations]"
Add component (AddParameter): Name = "SuffVal"; Value = ""; VariantName = "[No Variations]"
Add component (AddParameter): Name = "Title"; Value = "Конденсатор"; VariantName = "[No Variations]"
Added Component: Designator=C10(C0805)
Add component. Clean all parameters for all variants
Add component (AddParameter): Name = "Analog"; Value = ""; VariantName = "[No Variations]"
Add component (AddParameter): Name = "Case"; Value = ""; VariantName = "[No Variations]"
Add component (AddParameter): Name = "Note"; Value = ""; VariantName = "[No Variations]"
Add component (AddParameter): Name = "PrefVal"; Value = "0805"; VariantName = "[No Variations]"
Add component (AddParameter): Name = "Producer"; Value = ""; VariantName = "[No Variations]"
Add component (AddParameter): Name = "SuffVal"; Value = ""; VariantName = "[No Variations]"
Add component (AddParameter): Name = "Title"; Value = "Конденсатор"; VariantName = "[No Variations]"
Added Component: Designator=C12(C0805)
Add component. Clean all parameters for all variants
Add component (AddParameter): Name = "Analog"; Value = ""; VariantName = "[No Variations]"
Add component (AddParameter): Name = "Case"; Value = ""; VariantName = "[No Variations]"
Add component (AddParameter): Name = "Note"; Value = ""; VariantName = "[No Variations]"
Add component (AddParameter): Name = "PrefVal"; Value = "0805"; VariantName = "[No Variations]"
Add component (AddParameter): Name = "Producer"; Value = ""; VariantName = "[No Variations]"
Add component (AddParameter): Name = "SuffVal"; Value = ""; VariantName = "[No Variations]"
Add component (AddParameter): Name = "Title"; Value = "Конденсатор"; VariantName = "[No Variations]"
Add component (AddParameter): Name = "Value"; Value = "C0805"; VariantName = "[No Variations]"
Added Component: Designator=DA1(TO-220FP_PL)
Add component. Clean all parameters for all variants
Add component (AddParameter): Name = "Analog"; Value = ""; VariantName = "[No Variations]"
Add component (AddParameter): Name = "Case"; Value = "TO-220FP"; VariantName = "[No Variations]"
Add component (AddParameter): Name = "Note"; Value = ""; VariantName = "[No Variations]"
Add component (AddParameter): Name = "PrefVal"; Value = ""; VariantName = "[No Variations]"
Add component (AddParameter): Name = "Producer"; Value = "National Semi"; VariantName = "[No Variations]"
Add component (AddParameter): Name = "SuffVal"; Value = ""; VariantName = "[No Variations]"
Add component (AddParameter): Name = "Title"; Value = "Микросхема"; VariantName = "[No Variations]"
Added Component: Designator=KT1`(KT_R100X100)
Add component. Clean all parameters for all variants
Add component (AddParameter): Name = "Analog List"; Value = ""; VariantName = "[No Variations]"
Add component (AddParameter): Name = "Analog Pin-to-Pin"; Value = ""; VariantName = "[No Variations]"
Add component (AddParameter): Name = "BOM Type"; Value = "Разъёмы"; VariantName = "[No Variations]"
Add component (AddParameter): Name = "Case"; Value = ""; VariantName = "[No Variations]"
Add component (AddParameter): Name = "ComponentLink1Description"; Value = ""; VariantName = "[No Variations]"
Add component (AddParameter): Name = "ComponentLink1URL"; Value = ""; VariantName = "[No Variations]"
Add component (AddParameter): Name = "ComponentLink2Description"; Value = ""; VariantName = "[No Variations]"
Add component (AddParameter): Name = "ComponentLink2URL"; Value = ""; VariantName = "[No Variations]"
Add component (AddParameter): Name = "Country"; Value = ""; VariantName = "[No Variations]"
Add component (AddParameter): Name = "ESS key"; Value = "00000002852"; VariantName = "[No Variations]"
Add component (AddParameter): Name = "Manufacturer"; Value = ""; VariantName = "[No Variations]"
Add component (AddParameter): Name = "Part Number"; Value = "КТ"; VariantName = "[No Variations]"
Add component (AddParameter): Name = "Serie"; Value = "***"; VariantName = "[No Variations]"
Add component (AddParameter): Name = "Supplier 1"; Value = ""; VariantName = "[No Variations]"
Add component (AddParameter): Name = "Supplier 2"; Value = ""; VariantName = "[No Variations]"
Add component (AddParameter): Name = "Supplier Part Number 1"; Value = ""; VariantName = "[No Variations]"
Add component (AddParameter): Name = "Supplier Part Number 2"; Value = ""; VariantName = "[No Variations]"
Add component (AddParameter): Name = "Temperature"; Value = ""; VariantName = "[No Variations]"
Add component (AddParameter): Name = "Title"; Value = "Разъёмы прочие"; VariantName = "[No Variations]"
Add component (AddParameter): Name = "TU"; Value = ""; VariantName = "[No Variations]"
Add component (AddParameter): Name = "Value"; Value = "***"; VariantName = "[No Variations]"
Add component (AddParameter): Name = "YPP key"; Value = ""; VariantName = "[No Variations]"
Added Component: Designator=KT1(KT_R100X100)
Add component. Clean all parameters for all variants
Add component (AddParameter): Name = "Analog List"; Value = ""; VariantName = "[No Variations]"
Add component (AddParameter): Name = "Analog Pin-to-Pin"; Value = ""; VariantName = "[No Variations]"
Add component (AddParameter): Name = "BOM Type"; Value = "Разъёмы"; VariantName = "[No Variations]"
Add component (AddParameter): Name = "Case"; Value = ""; VariantName = "[No Variations]"
Add component (AddParameter): Name = "ComponentLink1Description"; Value = ""; VariantName = "[No Variations]"
Add component (AddParameter): Name = "ComponentLink1URL"; Value = ""; VariantName = "[No Variations]"
Add component (AddParameter): Name = "ComponentLink2Description"; Value = ""; VariantName = "[No Variations]"
Add component (AddParameter): Name = "ComponentLink2URL"; Value = ""; VariantName = "[No Variations]"
Add component (AddParameter): Name = "Country"; Value = ""; VariantName = "[No Variations]"
Add component (AddParameter): Name = "ESS key"; Value = "00000002852"; VariantName = "[No Variations]"
Add component (AddParameter): Name = "Manufacturer"; Value = ""; VariantName = "[No Variations]"
Add component (AddParameter): Name = "Part Number"; Value = "КТ"; VariantName = "[No Variations]"
Add component (AddParameter): Name = "Serie"; Value = "***"; VariantName = "[No Variations]"
Add component (AddParameter): Name = "Supplier 1"; Value = ""; VariantName = "[No Variations]"
Add component (AddParameter): Name = "Supplier 2"; Value = ""; VariantName = "[No Variations]"
Add component (AddParameter): Name = "Supplier Part Number 1"; Value = ""; VariantName = "[No Variations]"
Add component (AddParameter): Name = "Supplier Part Number 2"; Value = ""; VariantName = "[No Variations]"
Add component (AddParameter): Name = "Temperature"; Value = ""; VariantName = "[No Variations]"
Add component (AddParameter): Name = "Title"; Value = "Разъёмы прочие"; VariantName = "[No Variations]"
Add component (AddParameter): Name = "TU"; Value = ""; VariantName = "[No Variations]"
Add component (AddParameter): Name = "Value"; Value = "***"; VariantName = "[No Variations]"
Add component (AddParameter): Name = "YPP key"; Value = ""; VariantName = "[No Variations]"
Added Component: Designator=KT2`(KT_R100X100)
Add component. Clean all parameters for all variants
Add component (AddParameter): Name = "Analog List"; Value = ""; VariantName = "[No Variations]"
Add component (AddParameter): Name = "Analog Pin-to-Pin"; Value = ""; VariantName = "[No Variations]"
Add component (AddParameter): Name = "BOM Type"; Value = "Разъёмы"; VariantName = "[No Variations]"
Add component (AddParameter): Name = "Case"; Value = ""; VariantName = "[No Variations]"
Add component (AddParameter): Name = "ComponentLink1Description"; Value = ""; VariantName = "[No Variations]"
Add component (AddParameter): Name = "ComponentLink1URL"; Value = ""; VariantName = "[No Variations]"
Add component (AddParameter): Name = "ComponentLink2Description"; Value = ""; VariantName = "[No Variations]"
Add component (AddParameter): Name = "ComponentLink2URL"; Value = ""; VariantName = "[No Variations]"
Add component (AddParameter): Name = "Country"; Value = ""; VariantName = "[No Variations]"
Add component (AddParameter): Name = "ESS key"; Value = "00000002852"; VariantName = "[No Variations]"
Add component (AddParameter): Name = "Manufacturer"; Value = ""; VariantName = "[No Variations]"
Add component (AddParameter): Name = "Part Number"; Value = "КТ"; VariantName = "[No Variations]"
Add component (AddParameter): Name = "Serie"; Value = "***"; VariantName = "[No Variations]"
Add component (AddParameter): Name = "Supplier 1"; Value = ""; VariantName = "[No Variations]"
Add component (AddParameter): Name = "Supplier 2"; Value = ""; VariantName = "[No Variations]"
Add component (AddParameter): Name = "Supplier Part Number 1"; Value = ""; VariantName = "[No Variations]"
Add component (AddParameter): Name = "Supplier Part Number 2"; Value = ""; VariantName = "[No Variations]"
Add component (AddParameter): Name = "Temperature"; Value = ""; VariantName = "[No Variations]"
Add component (AddParameter): Name = "Title"; Value = "Разъёмы прочие"; VariantName = "[No Variations]"
Add component (AddParameter): Name = "TU"; Value = ""; VariantName = "[No Variations]"
Add component (AddParameter): Name = "Value"; Value = "***"; VariantName = "[No Variations]"
Add component (AddParameter): Name = "YPP key"; Value = ""; VariantName = "[No Variations]"
Added Component: Designator=KT2(KT_R100X100)
Add component. Clean all parameters for all variants
Add component (AddParameter): Name = "Analog List"; Value = ""; VariantName = "[No Variations]"
Add component (AddParameter): Name = "Analog Pin-to-Pin"; Value = ""; VariantName = "[No Variations]"
Add component (AddParameter): Name = "BOM Type"; Value = "Разъёмы"; VariantName = "[No Variations]"
Add component (AddParameter): Name = "Case"; Value = ""; VariantName = "[No Variations]"
Add component (AddParameter): Name = "ComponentLink1Description"; Value = ""; VariantName = "[No Variations]"
Add component (AddParameter): Name = "ComponentLink1URL"; Value = ""; VariantName = "[No Variations]"
Add component (AddParameter): Name = "ComponentLink2Description"; Value = ""; VariantName = "[No Variations]"
Add component (AddParameter): Name = "ComponentLink2URL"; Value = ""; VariantName = "[No Variations]"
Add component (AddParameter): Name = "Country"; Value = ""; VariantName = "[No Variations]"
Add component (AddParameter): Name = "ESS key"; Value = "00000002852"; VariantName = "[No Variations]"
Add component (AddParameter): Name = "Manufacturer"; Value = ""; VariantName = "[No Variations]"
Add component (AddParameter): Name = "Part Number"; Value = "КТ"; VariantName = "[No Variations]"
Add component (AddParameter): Name = "Serie"; Value = "***"; VariantName = "[No Variations]"
Add component (AddParameter): Name = "Supplier 1"; Value = ""; VariantName = "[No Variations]"
Add component (AddParameter): Name = "Supplier 2"; Value = ""; VariantName = "[No Variations]"
Add component (AddParameter): Name = "Supplier Part Number 1"; Value = ""; VariantName = "[No Variations]"
Add component (AddParameter): Name = "Supplier Part Number 2"; Value = ""; VariantName = "[No Variations]"
Add component (AddParameter): Name = "Temperature"; Value = ""; VariantName = "[No Variations]"
Add component (AddParameter): Name = "Title"; Value = "Разъёмы прочие"; VariantName = "[No Variations]"
Add component (AddParameter): Name = "TU"; Value = ""; VariantName = "[No Variations]"
Add component (AddParameter): Name = "Value"; Value = "***"; VariantName = "[No Variations]"
Add component (AddParameter): Name = "YPP key"; Value = ""; VariantName = "[No Variations]"
Added Component: Designator=R1(RESC2012X50)
Add component. Clean all parameters for all variants
Add component (AddParameter): Name = "Analog List"; Value = ""; VariantName = "[No Variations]"
Add component (AddParameter): Name = "Analog Pin-to-Pin"; Value = "Р1-12-0,125-2,0 кОм ±5%-Т"; VariantName = "[No Variations]"
Add component (AddParameter): Name = "BOM Type"; Value = "Резисторы"; VariantName = "[No Variations]"
Add component (AddParameter): Name = "Case"; Value = "0805 (2,0x1,2)"; VariantName = "[No Variations]"
Add component (AddParameter): Name = "ComponentLink1Description"; Value = "Интернет PDF"; VariantName = "[No Variations]"
Add component (AddParameter): Name = "ComponentLink1URL"; Value = "https://www.smd.ru/katalog/rezistory_i_potenciometry/postoyannye/chip/"; VariantName = "[No Variations]"
Add component (AddParameter): Name = "ComponentLink2Description"; Value = "Локальный PDF"; VariantName = "[No Variations]"
Add component (AddParameter): Name = "ComponentLink2URL"; Value = "\\niistt.local\kb1\Проекты\Altium\dblib-v2\Storage\PDF\0805.pdf"; VariantName = "[No Variations]"
Add component (AddParameter): Name = "Country"; Value = ""; VariantName = "[No Variations]"
Add component (AddParameter): Name = "ESS key"; Value = "00000000948"; VariantName = "[No Variations]"
Add component (AddParameter): Name = "Manufacturer"; Value = ""; VariantName = "[No Variations]"
Add component (AddParameter): Name = "Part Number"; Value = "0805 2,0 кОм ±5%"; VariantName = "[No Variations]"
Add component (AddParameter): Name = "Serie"; Value = "0805 ±5%"; VariantName = "[No Variations]"
Add component (AddParameter): Name = "Supplier 1"; Value = ""; VariantName = "[No Variations]"
Add component (AddParameter): Name = "Supplier 2"; Value = ""; VariantName = "[No Variations]"
Add component (AddParameter): Name = "Supplier Part Number 1"; Value = ""; VariantName = "[No Variations]"
Add component (AddParameter): Name = "Supplier Part Number 2"; Value = ""; VariantName = "[No Variations]"
Add component (AddParameter): Name = "Temperature"; Value = "-55...+125"; VariantName = "[No Variations]"
Add component (AddParameter): Name = "Title"; Value = "Резисторы"; VariantName = "[No Variations]"
Add component (AddParameter): Name = "TU"; Value = ""; VariantName = "[No Variations]"
Add component (AddParameter): Name = "Value"; Value = "2,0 кОм"; VariantName = "[No Variations]"
Add component (AddParameter): Name = "YPP key"; Value = "00000009811"; VariantName = "[No Variations]"
Added Component: Designator=R3(RESC2012X50)
Add component. Clean all parameters for all variants
Add component (AddParameter): Name = "Analog List"; Value = ""; VariantName = "[No Variations]"
Add component (AddParameter): Name = "Analog Pin-to-Pin"; Value = "Р1-12-0,125-240 Ом ±5%-Т"; VariantName = "[No Variations]"
Add component (AddParameter): Name = "BOM Type"; Value = "Резисторы"; VariantName = "[No Variations]"
Add component (AddParameter): Name = "Case"; Value = "0805 (2,0x1,2)"; VariantName = "[No Variations]"
Add component (AddParameter): Name = "ComponentLink1Description"; Value = "Интернет PDF"; VariantName = "[No Variations]"
Add component (AddParameter): Name = "ComponentLink1URL"; Value = "https://www.smd.ru/katalog/rezistory_i_potenciometry/postoyannye/chip/"; VariantName = "[No Variations]"
Add component (AddParameter): Name = "ComponentLink2Description"; Value = "Локальный PDF"; VariantName = "[No Variations]"
Add component (AddParameter): Name = "ComponentLink2URL"; Value = "\\niistt.local\kb1\Проекты\Altium\dblib-v2\Storage\PDF\0805.pdf"; VariantName = "[No Variations]"
Add component (AddParameter): Name = "Country"; Value = ""; VariantName = "[No Variations]"
Add component (AddParameter): Name = "ESS key"; Value = "00000000990"; VariantName = "[No Variations]"
Add component (AddParameter): Name = "Manufacturer"; Value = ""; VariantName = "[No Variations]"
Add component (AddParameter): Name = "Part Number"; Value = "0805 240 Ом ±5%"; VariantName = "[No Variations]"
Add component (AddParameter): Name = "Serie"; Value = "0805 ±5%"; VariantName = "[No Variations]"
Add component (AddParameter): Name = "Supplier 1"; Value = ""; VariantName = "[No Variations]"
Add component (AddParameter): Name = "Supplier 2"; Value = ""; VariantName = "[No Variations]"
Add component (AddParameter): Name = "Supplier Part Number 1"; Value = ""; VariantName = "[No Variations]"
Add component (AddParameter): Name = "Supplier Part Number 2"; Value = ""; VariantName = "[No Variations]"
Add component (AddParameter): Name = "Temperature"; Value = "-55...+125"; VariantName = "[No Variations]"
Add component (AddParameter): Name = "Title"; Value = "Резисторы"; VariantName = "[No Variations]"
Add component (AddParameter): Name = "TU"; Value = ""; VariantName = "[No Variations]"
Add component (AddParameter): Name = "Value"; Value = "240 Ом"; VariantName = "[No Variations]"
Add component (AddParameter): Name = "YPP key"; Value = "R0000004811"; VariantName = "[No Variations]"
Added Component: Designator=VD1(B05S)
Add component. Clean all parameters for all variants
Add component (AddParameter): Name = "Analog"; Value = ""; VariantName = "[No Variations]"
Add component (AddParameter): Name = "Case"; Value = "DB-1MS"; VariantName = "[No Variations]"
Add component (AddParameter): Name = "Note"; Value = ""; VariantName = "[No Variations]"
Add component (AddParameter): Name = "PrefVal"; Value = "Диодный мост"; VariantName = "[No Variations]"
Add component (AddParameter): Name = "Producer"; Value = ""; VariantName = "[No Variations]"
Add component (AddParameter): Name = "SuffVal"; Value = ""; VariantName = "[No Variations]"
Add component (AddParameter): Name = "Title"; Value = "Диод"; VariantName = "[No Variations]"
Added Pin To Net: NetName=NetC1_1 Pin=C1-1
Added Pin To Net: NetName=NetC1_1 Pin=C4-1
Added Pin To Net: NetName=NetC1_1 Pin=C10-2
Added Pin To Net: NetName=NetC1_1 Pin=DA1-3
Added Pin To Net: NetName=NetC1_1 Pin=VD1-3
Added Net: Name=NetC1_1
Added Pin To Net: NetName=NetC1_2 Pin=C1-2
Added Pin To Net: NetName=NetC1_2 Pin=C4-2
Added Pin To Net: NetName=NetC1_2 Pin=C6-2
Added Pin To Net: NetName=NetC1_2 Pin=C10-1
Added Pin To Net: NetName=NetC1_2 Pin=C12-1
Added Pin To Net: NetName=NetC1_2 Pin=KT2-1
Added Pin To Net: NetName=NetC1_2 Pin=R1-1
Added Pin To Net: NetName=NetC1_2 Pin=VD1-4
Added Net: Name=NetC1_2
Added Pin To Net: NetName=NetC6_1 Pin=C6-1
Added Pin To Net: NetName=NetC6_1 Pin=C12-2
Added Pin To Net: NetName=NetC6_1 Pin=DA1-2
Added Pin To Net: NetName=NetC6_1 Pin=KT2`-1
Added Pin To Net: NetName=NetC6_1 Pin=R3-2
Added Net: Name=NetC6_1
Added Pin To Net: NetName=NetDA1_1 Pin=DA1-1
Added Pin To Net: NetName=NetDA1_1 Pin=R1-2
Added Pin To Net: NetName=NetDA1_1 Pin=R3-1
Added Net: Name=NetDA1_1
Added Pin To Net: NetName=NetKT1_1 Pin=KT1-1
Added Pin To Net: NetName=NetKT1_1 Pin=VD1-2
Added Net: Name=NetKT1_1
Added Pin To Net: NetName=NetKT1`_1 Pin=KT1`-1
Added Pin To Net: NetName=NetKT1`_1 Pin=VD1-1
Added Net: Name=NetKT1`_1
Added Class: Name=Skhema_s_platoy
Added Room: Name=Skhema_s_platoy
