Removed Pin From Net: NetName=D Pin=C28-1
Removed Pin From Net: NetName=+5V D Pin=C28-2
Removed Pin From Net: NetName=D Pin=C29-1
Removed Pin From Net: NetName=+5V D Pin=C29-2
Removed Pin From Net: NetName=NetC27_2 Pin=DA7-1
Removed Pin From Net: NetName=A Pin=DA7-2
Removed Pin From Net: NetName=NetC27_1 Pin=DA7-4
Removed Pin From Net: NetName=+5V A Pin=DA7-5
Removed Pin From Net: NetName=D Pin=DA33-10
Removed Pin From Net: NetName=D Pin=DA33-12
Removed Pin From Net: NetName=D Pin=DA33-13
Removed Pin From Net: NetName=D Pin=DA33-16
Removed Pin From Net: NetName=+5V D Pin=DA33-24
Removed Pin From Net: NetName=NetDD1_6 Pin=DD1-9
Removed Pin From Net: NetName=NetDD1_13 Pin=DD1-13
Removed Pin From Net: NetName=NetDD1_2 Pin=DD2-6
Removed Pin From Net: NetName=NetDD1_1 Pin=DD3-1
Removed Pin From Net: NetName=D Pin=DD3-2
Removed Pin From Net: NetName=D Pin=DD3-4
Removed Pin From Net: NetName=NetDD1_8 Pin=DD3-14
Removed Pin From Net: NetName=D Pin=DD5-2
Removed Pin From Net: NetName=D Pin=DD5-4
Removed Pin From Net: NetName=NetDD1_6 Pin=DD5-13
Removed Pin From Net: NetName=NetDD2_1 Pin=DD5-15
Removed Pin From Net: NetName=D Pin=DD7-1
Removed Pin From Net: NetName=D Pin=DD7-4
Removed Pin From Net: NetName=D Pin=DD7-12
Removed Pin From Net: NetName=NetDD1_3 Pin=DD7-13
Removed Pin From Net: NetName=NetDD2_1 Pin=DD7-14
Removed Pin From Net: NetName=NetDA33_14 Pin=R14-1
Removed Pin From Net: NetName=D Pin=R14-2
Removed Pin From Net: NetName=NetDD1_1 Pin=R19-1
Removed Pin From Net: NetName=NetDD1_1 Pin=SB1-2
Removed Pin From Net: NetName=D Pin=XS1-9
Removed Pin From Net: NetName=D Pin=XS1-10
Added Component: Designator=DA2(ОУ для источника тока)
Added Component: Designator=DD8(CD4044B)
Added Pin To Net: NetName=A Pin=C28-1
Added Pin To Net: NetName=+5V A Pin=C28-2
Added Pin To Net: NetName=A Pin=C29-1
Added Pin To Net: NetName=+5V A Pin=C29-2
Added Pin To Net: NetName=NetC27_2 Pin=DA2-1
Added Pin To Net: NetName=A Pin=DA2-2
Added Pin To Net: NetName=NetC27_1 Pin=DA2-4
Added Pin To Net: NetName=+5V A Pin=DA2-5
Added Pin To Net: NetName=A Pin=DA33-10
Added Pin To Net: NetName=A Pin=DA33-12
Added Pin To Net: NetName=A Pin=DA33-13
Added Pin To Net: NetName=A Pin=DA33-16
Added Pin To Net: NetName=+5V A Pin=DA33-24
Added Pin To Net: NetName=NetDD1_2 Pin=DD1-10
Added Pin To Net: NetName=NetDD1_13 Pin=DD2-6
Added Pin To Net: NetName=NetDD1_6 Pin=DD2-14
Added Pin To Net: NetName=+5V D Pin=DD3-1
Added Pin To Net: NetName=NetDD2_1 Pin=DD3-2
Added Pin To Net: NetName=+5V D Pin=DD3-4
Added Pin To Net: NetName=+5V D Pin=DD3-5
Added Pin To Net: NetName=D Pin=DD3-13
Added Pin To Net: NetName=NetDD1_3 Pin=DD5-2
Added Pin To Net: NetName=+5V D Pin=DD5-4
Added Pin To Net: NetName=NetDD1_8 Pin=DD5-5
Added Pin To Net: NetName=D Pin=DD5-13
Added Pin To Net: NetName=+5V D Pin=DD7-1
Added Pin To Net: NetName=NetDD2_1 Pin=DD7-4
Added Pin To Net: NetName=+5V D Pin=DD7-5
Added Pin To Net: NetName=+5V D Pin=DD7-12
Added Pin To Net: NetName=+5V D Pin=DD7-13
Added Pin To Net: NetName=+5V D Pin=DD7-14
Added Pin To Net: NetName=NetDD1_1 Pin=DD8-1
Added Pin To Net: NetName=D Pin=DD8-8
Added Pin To Net: NetName=+5V D Pin=DD8-16
Added Pin To Net: NetName=NetDA33_14 Pin=R14-2
Added Pin To Net: NetName=NetDA4_2 Pin=R26-1
Added Pin To Net: NetName=A Pin=R27-1
Added Pin To Net: NetName=A Pin=XS1-9
Added Pin To Net: NetName=A Pin=XS1-10
Added Pin To Net: NetName=A Pin=XS4-3
Change Net Name : Old Net Name=NetDD1_13 New Net Name=NetDD2_6
Added Pin To Net: NetName=NetDA2_3 Pin=DA2-3
Added Pin To Net: NetName=NetDA2_3 Pin=R3-1
Added Pin To Net: NetName=NetDA2_3 Pin=VT1-3
Added Net: Name=NetDA2_3
Added Pin To Net: NetName=NetDD1_9 Pin=DD1-9
Added Pin To Net: NetName=NetDD1_9 Pin=DD8-12
Added Pin To Net: NetName=NetDD1_9 Pin=R20-1
Added Pin To Net: NetName=NetDD1_9 Pin=SB2-2
Added Net: Name=NetDD1_9
Added Pin To Net: NetName=NetDD1_13 Pin=DD1-13
Added Pin To Net: NetName=NetDD1_13 Pin=DD2-9
Added Net: Name=NetDD1_13
Added Pin To Net: NetName=NetDD3_14 Pin=DD3-14
Added Pin To Net: NetName=NetDD3_14 Pin=DD8-14
Added Pin To Net: NetName=NetDD3_14 Pin=R19-1
Added Pin To Net: NetName=NetDD3_14 Pin=SB1-2
Added Net: Name=NetDD3_14
Added Pin To Net: NetName=NetDD5_15 Pin=DD5-15
Added Pin To Net: NetName=NetDD5_15 Pin=DD8-10
Added Net: Name=NetDD5_15
Change Class Name : Old Net Name=Схема принципиальная222 New Net Name=Схема принципиальная111
Added Member To Class: ClassName=Схема принципиальная111 Member=Component C28 0.1uF
Added Member To Class: ClassName=Схема принципиальная111 Member=Component C29 47uF
Added Member To Class: ClassName=Схема принципиальная111 Member=Component DA2 DA7
Added Member To Class: ClassName=Схема принципиальная111 Member=Component DD8 НЕ №4 (4 компонента)
Added Room: Name=Схема принципиальная111
