Removed Pin From Net: NetName=NetDA5_6 Pin=DA3-4
Removed Pin From Net: NetName=NetDD1_6 Pin=DD1-9
Removed Pin From Net: NetName=NetDD1_13 Pin=DD1-13
Removed Pin From Net: NetName=NetDD1_2 Pin=DD2-6
Removed Pin From Net: NetName=NetDD1_1 Pin=DD3-1
Removed Pin From Net: NetName=D Pin=DD3-2
Removed Pin From Net: NetName=D Pin=DD3-4
Removed Pin From Net: NetName=NetDD1_8 Pin=DD3-14
Removed Pin From Net: NetName=D Pin=DD5-2
Removed Pin From Net: NetName=D Pin=DD5-4
Removed Pin From Net: NetName=NetDD1_6 Pin=DD5-13
Removed Pin From Net: NetName=NetDD2_1 Pin=DD5-15
Removed Pin From Net: NetName=D Pin=DD7-1
Removed Pin From Net: NetName=D Pin=DD7-4
Removed Pin From Net: NetName=D Pin=DD7-12
Removed Pin From Net: NetName=NetDD1_3 Pin=DD7-13
Removed Pin From Net: NetName=NetDD2_1 Pin=DD7-14
Removed Pin From Net: NetName=NetDD1_1 Pin=R22-1
Removed Pin From Net: NetName=NetDD1_1 Pin=SB4-2
Removed Pin From Net: NetName=NetDA33_6 Pin=XS1-1
Removed Pin From Net: NetName=NetDA33_7 Pin=XS1-2
Removed Pin From Net: NetName=NetDA33_8 Pin=XS1-3
Removed Pin From Net: NetName=NetDA33_9 Pin=XS1-4
Removed Pin From Net: NetName=NetDA33_17 Pin=XS1-5
Removed Pin From Net: NetName=NetDA33_18 Pin=XS1-6
Removed Pin From Net: NetName=NetDA33_19 Pin=XS1-7
Removed Pin From Net: NetName=NetDA33_20 Pin=XS1-8
Change Component Comment : Designator=DD3 Old Comment=74HC40510 New Comment=Мультиплексор
Change Component Comment : Designator=DD5 Old Comment=74HC40510 New Comment=Мультиплексор
Change Component Comment : Designator=DD7 Old Comment=74HC40510 New Comment=Мультиплексор
Change Component Designator: OldDesignator=DA3 NewDesignator=DA33
Change Component Designator: OldDesignator=R19 NewDesignator=R22
Change Component Designator: OldDesignator=R22 NewDesignator=R19
Change Component Designator: OldDesignator=SB1 NewDesignator=SB4
Change Component Designator: OldDesignator=SB4 NewDesignator=SB1
Added Component: Designator=DD8(CD4044B)
Added Pin To Net: NetName=NetDA5_6 Pin=DA33-1
Added Pin To Net: NetName=NetDD1_2 Pin=DD1-10
Added Pin To Net: NetName=NetDD1_13 Pin=DD2-6
Added Pin To Net: NetName=NetDD1_6 Pin=DD2-14
Added Pin To Net: NetName=+5V D Pin=DD3-1
Added Pin To Net: NetName=NetDD2_1 Pin=DD3-2
Added Pin To Net: NetName=+5V D Pin=DD3-4
Added Pin To Net: NetName=+5V D Pin=DD3-5
Added Pin To Net: NetName=D Pin=DD3-13
Added Pin To Net: NetName=NetDD1_3 Pin=DD5-2
Added Pin To Net: NetName=+5V D Pin=DD5-4
Added Pin To Net: NetName=NetDD1_8 Pin=DD5-5
Added Pin To Net: NetName=D Pin=DD5-13
Added Pin To Net: NetName=D Pin=DD5-14
Added Pin To Net: NetName=+5V D Pin=DD7-1
Added Pin To Net: NetName=NetDD2_1 Pin=DD7-4
Added Pin To Net: NetName=+5V D Pin=DD7-5
Added Pin To Net: NetName=+5V D Pin=DD7-12
Added Pin To Net: NetName=+5V D Pin=DD7-13
Added Pin To Net: NetName=+5V D Pin=DD7-14
Added Pin To Net: NetName=NetDD1_1 Pin=DD8-1
Added Pin To Net: NetName=D Pin=DD8-8
Added Pin To Net: NetName=+5V D Pin=DD8-16
Added Pin To Net: NetName=NetDA33_20 Pin=XS1-1
Added Pin To Net: NetName=NetDA33_19 Pin=XS1-2
Added Pin To Net: NetName=NetDA33_18 Pin=XS1-3
Added Pin To Net: NetName=NetDA33_17 Pin=XS1-4
Added Pin To Net: NetName=NetDA33_9 Pin=XS1-5
Added Pin To Net: NetName=NetDA33_8 Pin=XS1-6
Added Pin To Net: NetName=NetDA33_7 Pin=XS1-7
Added Pin To Net: NetName=NetDA33_6 Pin=XS1-8
Change Net Name : Old Net Name=NetDD1_13 New Net Name=NetDD2_6
Added Pin To Net: NetName=NetDD1_9 Pin=DD1-9
Added Pin To Net: NetName=NetDD1_9 Pin=DD8-12
Added Pin To Net: NetName=NetDD1_9 Pin=R20-1
Added Pin To Net: NetName=NetDD1_9 Pin=SB2-2
Added Net: Name=NetDD1_9
Added Pin To Net: NetName=NetDD1_13 Pin=DD1-13
Added Pin To Net: NetName=NetDD1_13 Pin=DD2-9
Added Net: Name=NetDD1_13
Added Pin To Net: NetName=NetDD3_14 Pin=DD3-14
Added Pin To Net: NetName=NetDD3_14 Pin=DD8-14
Added Pin To Net: NetName=NetDD3_14 Pin=R19-1
Added Pin To Net: NetName=NetDD3_14 Pin=SB1-2
Added Net: Name=NetDD3_14
Added Pin To Net: NetName=NetDD5_15 Pin=DD5-15
Added Pin To Net: NetName=NetDD5_15 Pin=DD8-10
Added Net: Name=NetDD5_15
Added Member To Class: ClassName=Схема принципиальная111 Member=Component DD8 НЕ №4 (4 компонента)
Added Room: Name=Схема принципиальная111
