Added Component: Designator=C1(CAP_J-V_10X10P5)
Add component (AddParameter): Name = "Built_By"; Value = "EMA_Cory"; VariantName = "[No Variations]"
Add component (AddParameter): Name = "Copyright"; Value = "Copyright (C) 2018 Accelerated Designs. All rights reserved"; VariantName = "[No Variations]"
Add component (AddParameter): Name = "Manufacturer_Part_Number"; Value = "35TZV330M10X10.5"; VariantName = "[No Variations]"
Add component (AddParameter): Name = "RefDes"; Value = "RefDes"; VariantName = "[No Variations]"
Add component (AddParameter): Name = "Type"; Value = "DEV"; VariantName = "[No Variations]"
Add component (AddParameter): Name = "Value"; Value = "Value"; VariantName = "[No Variations]"
Add component (AddParameter): Name = "Vendor"; Value = "Rubycon Netherlands"; VariantName = "[No Variations]"
Added Component: Designator=C2(0805)
Added Component: Designator=R1(0805)
Added Component: Designator=R2(0805)
Added Component: Designator=R3(0805)
Added Component: Designator=R4(0805)
Added Component: Designator=R5(0805)
Added Component: Designator=R6(0805)
Added Component: Designator=R8(0805)
Added Component: Designator=VD1(SOD-123)
Added Component: Designator=VD3(SOD-123)
Added Component: Designator=VD?(SOD-123)
Added Component: Designator=VT1(SOT23)
Added Component: Designator=VT2(SOT23)
Added Component: Designator=VT3(SOT23)
Added Component: Designator=VT4(SOT23)
Added Component: Designator=XS1(DG126-5.0-02P)
Added Component: Designator=XS2(DG126-5.0-02P)
Added Pin To Net: NetName=NetC1_1 Pin=C1-1
Added Pin To Net: NetName=NetC1_2 Pin=C1-2
Added Pin To Net: NetName=NetC1_2 Pin=C2-1
Added Pin To Net: NetName=NetC1_1 Pin=R1-1
Added Pin To Net: NetName=NetC1_2 Pin=R2-1
Added Pin To Net: NetName=NetC1_2 Pin=R8-1
Added Pin To Net: NetName=NetC1_1 Pin=VD1-1
Added Pin To Net: NetName=NetC1_2 Pin=VD3-1
Added Pin To Net: NetName=NetC1_1 Pin=VD?-2
Added Pin To Net: NetName=NetC1_1 Pin=VT1-2
Added Pin To Net: NetName=NetC1_1 Pin=XS1-1
Added Pin To Net: NetName=NetC1_2 Pin=XS1-2
Added Pin To Net: NetName=NetC1_2 Pin=XS2-2
Added Pin To Net: NetName=NetC2_2 Pin=C2-2
Added Pin To Net: NetName=NetC2_2 Pin=R5-1
Added Pin To Net: NetName=NetC2_2 Pin=VD3-2
Added Pin To Net: NetName=NetC2_2 Pin=VT4-3
Added Net: Name=NetC2_2
Added Pin To Net: NetName=NetR1_2 Pin=R1-2
Added Pin To Net: NetName=NetR1_2 Pin=R4-1
Added Pin To Net: NetName=NetR1_2 Pin=VT1-1
Added Net: Name=NetR1_2
Added Pin To Net: NetName=NetR2_2 Pin=R2-2
Added Pin To Net: NetName=NetR2_2 Pin=VT1-3
Added Pin To Net: NetName=NetR2_2 Pin=VT2-1
Added Net: Name=NetR2_2
Added Pin To Net: NetName=NetR3_1 Pin=R3-1
Added Pin To Net: NetName=NetR3_1 Pin=VT2-3
Added Pin To Net: NetName=NetR3_1 Pin=VT3-1
Added Net: Name=NetR3_1
Added Pin To Net: NetName=NetR3_2 Pin=R3-2
Added Pin To Net: NetName=NetR3_2 Pin=R5-2
Added Pin To Net: NetName=NetR3_2 Pin=R6-2
Added Pin To Net: NetName=NetR3_2 Pin=VD?-1
Added Pin To Net: NetName=NetR3_2 Pin=VT3-3
Added Pin To Net: NetName=NetR3_2 Pin=XS2-1
Added Net: Name=NetR3_2
Added Pin To Net: NetName=NetR4_2 Pin=R4-2
Added Pin To Net: NetName=NetR4_2 Pin=VT4-2
Added Net: Name=NetR4_2
Added Pin To Net: NetName=NetR6_1 Pin=R6-1
Added Net: Name=NetR6_1
Added Pin To Net: NetName=NetR7_1 Pin=R8-2
Added Net: Name=NetR7_1
Added Pin To Net: NetName=NetR7_3 Pin=VT4-1
Added Net: Name=NetR7_3
Added Pin To Net: NetName=NetVD1_2 Pin=VD1-2
Added Pin To Net: NetName=NetVD1_2 Pin=VT2-2
Added Pin To Net: NetName=NetVD1_2 Pin=VT3-2
Added Net: Name=NetVD1_2
Added Class: Name=—‘ Ã›» À¡ œ›2-18 11.03.04 08 ›3
Added Room: Name=—‘ Ã›» À¡ œ›2-18 11.03.04 08 ›3
