Removed Pin From Net: NetName=GND Pin=C2-1
Removed Pin From Net: NetName=NetC1_1 Pin=C2-2
Removed Pin From Net: NetName=GND Pin=C3-2
Removed Pin From Net: NetName=GND Pin=C4-1
Removed Pin From Net: NetName=GND Pin=DA1-4
Removed Pin From Net: NetName=NetC1_1 Pin=DA1-5
Removed Pin From Net: NetName=NetC1_2 Pin=DA1-6
Removed Pin From Net: NetName=NetDA1_3 Pin=R1-1
Removed Pin From Net: NetName=NetDA1_2 Pin=R3-2
Removed Pin From Net: NetName=GND Pin=VD1-1
Removed Pin From Net: NetName=NetDA1_3 Pin=VD1-2
Removed Pin From Net: NetName=NetC1_2 Pin=VT1-1
Removed Member From Class: ClassName=Схема принципиальная Member=C2
Removed Member From Class: ClassName=Схема принципиальная Member=C3
Removed Member From Class: ClassName=Схема принципиальная Member=C4
Removed Member From Class: ClassName=Схема принципиальная Member=VD1
Change Component Footprint: Designator=XS1 Old Footprint=DG126-5.0-02P New Footprint=CI1102M1H  (F)
Change Component Footprint: Designator=XS2 Old Footprint=DG126-5.0-02P New Footprint=CI1102M1H  (F)
Change Component Comment : Designator=C1 Old Comment=0.047u New Comment=0.1u
Change Component Comment : Designator=R2 Old Comment=7,5k New Comment=100к
Change Component Comment : Designator=R3 Old Comment=18k New Comment=10k
Change Component Comment : Designator=R1 Old Comment=300 New Comment=10k
Change Component Comment : Designator=VT1 Old Comment=IRLML2402TRPBF New Comment=Биполярный транзистор n-p-n
Change Component Comment : Designator=XS2 Old Comment=XS 2 pin 9v New Comment=SM02B
Change Component Comment : Designator=XS1 Old Comment=XS 2 pin 220 B New Comment=SM02B
Change Component Comment : Designator=DA1 Old Comment=КФ140УД18 New Comment=OPA2337EA/3K
Added Component: Designator=R4(0805)
Added Component: Designator=R5(0805)
Added Component: Designator=R6(0805)
Added Component: Designator=R7(0805)
Added Component: Designator=VT2(SOT23)
Added Component: Designator=XS3(CI1102M1H  (F))
Added Pin To Net: NetName=NetC1_1 Pin=DA1-1
Added Pin To Net: NetName=NetDA1_2 Pin=R1-2
Added Pin To Net: NetName=NetC1_2 Pin=R2-2
Added Pin To Net: NetName=NetDA1_3 Pin=R3-2
Added Pin To Net: NetName=GND Pin=R4-2
Added Pin To Net: NetName=NetC1_1 Pin=R5-1
Added Pin To Net: NetName=GND Pin=R5-2
Added Pin To Net: NetName=GND Pin=R7-1
Added Pin To Net: NetName=NetC1_2 Pin=R7-2
Added Pin To Net: NetName=NetC1_1 Pin=VT1-2
Added Pin To Net: NetName=GND Pin=VT1-3
Added Pin To Net: NetName=NetC1_2 Pin=VT2-2
Added Pin To Net: NetName=NetC1_2 Pin=XS2-1
Added Pin To Net: NetName=GND Pin=XS3-2
Change Net Name : Old Net Name=GND New Net Name=NetR3_1
Added Pin To Net: NetName=NetDA1_4 Pin=DA1-4
Added Pin To Net: NetName=NetDA1_4 Pin=R4-1
Added Pin To Net: NetName=NetDA1_4 Pin=VT1-1
Added Net: Name=NetDA1_4
Added Pin To Net: NetName=NetDA1_8 Pin=DA1-8
Added Pin To Net: NetName=NetDA1_8 Pin=R6-1
Added Pin To Net: NetName=NetDA1_8 Pin=VT2-1
Added Net: Name=NetDA1_8
Added Pin To Net: NetName=NetR1_1 Pin=R1-1
Added Pin To Net: NetName=NetR1_1 Pin=XS1-1
Added Net: Name=NetR1_1
Added Pin To Net: NetName=NetR6_2 Pin=R6-2
Added Pin To Net: NetName=NetR6_2 Pin=XS3-1
Added Net: Name=NetR6_2
Change Class Name : Old Net Name=Схема принципиальная New Net Name=СФ МЭИ ЛБ ПЭ2-18 11.03.04 02 Э3
Added Member To Class: ClassName=СФ МЭИ ЛБ ПЭ2-18 11.03.04 02 Э3 Member=Component R4 10k
Added Member To Class: ClassName=СФ МЭИ ЛБ ПЭ2-18 11.03.04 02 Э3 Member=Component R5 5.1
Added Member To Class: ClassName=СФ МЭИ ЛБ ПЭ2-18 11.03.04 02 Э3 Member=Component R6 10k
Added Member To Class: ClassName=СФ МЭИ ЛБ ПЭ2-18 11.03.04 02 Э3 Member=Component R7 1k
Added Member To Class: ClassName=СФ МЭИ ЛБ ПЭ2-18 11.03.04 02 Э3 Member=Component VT2 Биполярный транзистор p-n-p
Added Member To Class: ClassName=СФ МЭИ ЛБ ПЭ2-18 11.03.04 02 Э3 Member=Component XS3 SM02B
Added Room: Name=СФ МЭИ ЛБ ПЭ2-18 11.03.04 02 Э3
