Added Component: Designator=C1(0805)
Added Component: Designator=C2(0805)
Added Component: Designator=C3(0805)
Added Component: Designator=C4(0805)
Added Component: Designator=C5(0805)
Added Component: Designator=C6(0805)
Added Component: Designator=C7(ECAP SMD, 1 мкФ, 50В, Конденсатор электролитический алюминиевый SMD)
Added Component: Designator=C8(0805)
Added Component: Designator=C9(ECAP SMD, 1 мкФ, 50В, Конденсатор электролитический алюминиевый SMD)
Added Component: Designator=DA1(SOIC-8)
Added Component: Designator=DA2(SOIC-8)
Added Component: Designator=R1(0805)
Added Component: Designator=R2(0805)
Added Component: Designator=R3(0805)
Added Component: Designator=R4(0805)
Added Component: Designator=VD1(SOD-123)
Added Component: Designator=VD2(SOD-123)
Added Component: Designator=XS1(DG126-5.0-02P)
Added Component: Designator=XS2(DG126-5.0-02P)
Added Component: Designator=XS3(DG126-5.0-02P)
Added Component: Designator=XS?(DG126-5.0-02P)
Added Pin To Net: NetName=NetC1_1 Pin=C1-1
Added Pin To Net: NetName=NetC1_2 Pin=C1-2
Added Pin To Net: NetName=NetC3_1 Pin=C3-1
Added Pin To Net: NetName=NetC1_1 Pin=C6-1
Added Pin To Net: NetName=NetC1_1 Pin=C7-1
Added Pin To Net: NetName=NetC1_1 Pin=C8-1
Added Pin To Net: NetName=NetC1_1 Pin=C9-1
Added Pin To Net: NetName=NetC1_2 Pin=DA1-3
Added Pin To Net: NetName=NetC1_1 Pin=DA1-4
Added Pin To Net: NetName=NetC1_1 Pin=DA2-3
Added Pin To Net: NetName=NetC1_1 Pin=DA2-4
Added Pin To Net: NetName=NetC3_1 Pin=DA2-6
Added Pin To Net: NetName=NetC1_2 Pin=R1-1
Added Pin To Net: NetName=NetC3_1 Pin=R4-1
Added Pin To Net: NetName=NetC1_1 Pin=VD2-2
Added Pin To Net: NetName=NetC3_1 Pin=XS1-1
Added Pin To Net: NetName=NetC1_1 Pin=XS1-2
Added Pin To Net: NetName=NetC1_1 Pin=XS2-2
Added Pin To Net: NetName=NetC1_1 Pin=XS3-2
Added Pin To Net: NetName=NetC1_1 Pin=XS?-2
Added Pin To Net: NetName=NetC2_1 Pin=C2-1
Added Pin To Net: NetName=NetC2_1 Pin=DA1-2
Added Pin To Net: NetName=NetC2_1 Pin=DA1-6
Added Pin To Net: NetName=NetC2_1 Pin=R3-2
Added Pin To Net: NetName=NetC2_1 Pin=XS2-1
Added Net: Name=NetC2_1
Added Pin To Net: NetName=NetC2_2 Pin=C2-2
Added Pin To Net: NetName=NetC2_2 Pin=R1-2
Added Pin To Net: NetName=NetC2_2 Pin=R2-2
Added Net: Name=NetC2_2
Added Pin To Net: NetName=NetC3_2 Pin=C3-2
Added Pin To Net: NetName=NetC3_2 Pin=DA2-2
Added Pin To Net: NetName=NetC3_2 Pin=R3-1
Added Net: Name=NetC3_2
Added Pin To Net: NetName=NetC4_1 Pin=C4-1
Added Pin To Net: NetName=NetC4_1 Pin=DA1-8
Added Net: Name=NetC4_1
Added Pin To Net: NetName=NetC4_2 Pin=C4-2
Added Pin To Net: NetName=NetC4_2 Pin=DA1-1
Added Net: Name=NetC4_2
Added Pin To Net: NetName=NetC5_1 Pin=C5-1
Added Pin To Net: NetName=NetC5_1 Pin=DA2-8
Added Net: Name=NetC5_1
Added Pin To Net: NetName=NetC5_2 Pin=C5-2
Added Pin To Net: NetName=NetC5_2 Pin=DA2-1
Added Net: Name=NetC5_2
Added Pin To Net: NetName=NetC6_2 Pin=C6-2
Added Pin To Net: NetName=NetC6_2 Pin=C7-2
Added Pin To Net: NetName=NetC6_2 Pin=DA1-7
Added Pin To Net: NetName=NetC6_2 Pin=XS3-1
Added Net: Name=NetC6_2
Added Pin To Net: NetName=NetC8_2 Pin=C8-2
Added Pin To Net: NetName=NetC8_2 Pin=C9-2
Added Pin To Net: NetName=NetC8_2 Pin=DA2-7
Added Pin To Net: NetName=NetC8_2 Pin=XS?-1
Added Net: Name=NetC8_2
Added Pin To Net: NetName=NetR2_1 Pin=R2-1
Added Pin To Net: NetName=NetR2_1 Pin=R4-2
Added Pin To Net: NetName=NetR2_1 Pin=VD1-2
Added Net: Name=NetR2_1
Added Class: Name=СФ МЭИ ЛБ ПЭ2-18 11.03.04 03 Э3
Added Room: Name=СФ МЭИ ЛБ ПЭ2-18 11.03.04 03 Э3
