Removed Pin From Net: NetName=A Pin=C26-2
Removed Pin From Net: NetName=A Pin=DA1-1
Removed Pin From Net: NetName=+5V A Pin=DA1-5
Removed Pin From Net: NetName=A Pin=DA2-2
Removed Pin From Net: NetName=+5V A Pin=DA2-5
Removed Pin From Net: NetName=NetDD1_2 Pin=DD1-10
Removed Pin From Net: NetName=NetDD1_11 Pin=DD1-11
Removed Pin From Net: NetName=NetDD1_11 Pin=DD2-4
Removed Pin From Net: NetName=NetDD2_12 Pin=DD2-12
Removed Pin From Net: NetName=NetDD2_1 Pin=DD3-2
Removed Pin From Net: NetName=+5V D Pin=DD3-4
Removed Pin From Net: NetName=+5V D Pin=DD3-5
Removed Pin From Net: NetName=D Pin=DD3-13
Removed Pin From Net: NetName=NetDD2_6 Pin=DD4-2
Removed Pin From Net: NetName=NetDD3_10 Pin=DD4-3
Removed Pin From Net: NetName=NetDD3_3 Pin=DD4-4
Removed Pin From Net: NetName=NetDD2_6 Pin=DD4-5
Removed Pin From Net: NetName=NetDD2_12 Pin=DD4-6
Removed Pin From Net: NetName=D Pin=DD5-1
Removed Pin From Net: NetName=NetDD1_3 Pin=DD5-2
Removed Pin From Net: NetName=NetDD1_8 Pin=DD5-5
Removed Pin From Net: NetName=D Pin=DD5-12
Removed Pin From Net: NetName=D Pin=DD5-14
Removed Pin From Net: NetName=D Pin=DD6-7
Removed Pin From Net: NetName=NetDD3_10 Pin=DD6-12
Removed Pin From Net: NetName=+5V D Pin=DD6-14
Removed Pin From Net: NetName=+5V D Pin=DD7-1
Removed Pin From Net: NetName=NetDD2_1 Pin=DD7-4
Removed Pin From Net: NetName=+5V D Pin=DD7-5
Removed Pin From Net: NetName=+5V D Pin=DD7-12
Removed Pin From Net: NetName=+5V D Pin=DD7-13
Removed Pin From Net: NetName=+5V D Pin=DD7-14
Removed Pin From Net: NetName=D Pin=DD7-15
Removed Pin From Net: NetName=NetDD1_1 Pin=DD8-1
Removed Pin From Net: NetName=D Pin=DD8-8
Removed Pin From Net: NetName=NetDD1_9 Pin=DD8-12
Removed Pin From Net: NetName=+5V D Pin=DD8-16
Removed Pin From Net: NetName=+5V A Pin=R1-1
Removed Pin From Net: NetName=A Pin=R2-1
Removed Pin From Net: NetName=+5V A Pin=R3-2
Removed Pin From Net: NetName=+5V A Pin=R5-2
Removed Pin From Net: NetName=A Pin=R6-2
Removed Pin From Net: NetName=A Pin=R9-1
Removed Pin From Net: NetName=NetDD1_9 Pin=R20-1
Removed Pin From Net: NetName=NetDD1_2 Pin=R21-1
Removed Pin From Net: NetName=NetDD2_6 Pin=R22-1
Removed Pin From Net: NetName=NetDD1_9 Pin=SB2-2
Removed Pin From Net: NetName=NetDD1_2 Pin=SB3-2
Removed Pin From Net: NetName=NetDD2_6 Pin=SB4-2
Removed Member From Class: ClassName=Схема принципиальная111 Member=C26
Removed Member From Class: ClassName=Схема принципиальная111 Member=C27
Removed Member From Class: ClassName=Схема принципиальная111 Member=DA1
Removed Member From Class: ClassName=Схема принципиальная111 Member=DA2
Removed Member From Class: ClassName=Схема принципиальная111 Member=R1
Removed Member From Class: ClassName=Схема принципиальная111 Member=R2
Removed Member From Class: ClassName=Схема принципиальная111 Member=R3
Removed Member From Class: ClassName=Схема принципиальная111 Member=R4
Removed Member From Class: ClassName=Схема принципиальная111 Member=R5
Removed Member From Class: ClassName=Схема принципиальная111 Member=R6
Removed Member From Class: ClassName=Схема принципиальная111 Member=R7
Removed Member From Class: ClassName=Схема принципиальная111 Member=R8
Removed Member From Class: ClassName=Схема принципиальная111 Member=R9
Removed Member From Class: ClassName=Схема принципиальная111 Member=R24
Removed Member From Class: ClassName=Схема принципиальная111 Member=VT1
Removed Member From Class: ClassName=Схема принципиальная111 Member=VT2
Change Component Footprint: Designator=DD8 Old Footprint=CD4044B New Footprint=ОУ для источника тока
Change Component Comment : Designator=DD8 Old Comment=НЕ №4 (4 компонента) New Comment=ИЛИ №1 (1 компонент)
Added Component: Designator=DD9(ОУ для источника тока)
Added Pin To Net: NetName=NetDD1_2 Pin=DD2-10
Added Pin To Net: NetName=NetDD1_9 Pin=DD2-13
Added Pin To Net: NetName=D Pin=DD3-2
Added Pin To Net: NetName=D Pin=DD3-4
Added Pin To Net: NetName=D Pin=DD3-5
Added Pin To Net: NetName=D Pin=DD3-14
Added Pin To Net: NetName=+5V D Pin=DD5-2
Added Pin To Net: NetName=NetDD1_1 Pin=DD5-3
Added Pin To Net: NetName=+5V D Pin=DD5-5
Added Pin To Net: NetName=D Pin=DD5-5
Added Pin To Net: NetName=+5V D Pin=DD5-12
Added Pin To Net: NetName=+5V D Pin=DD5-14
Added Pin To Net: NetName=NetDD2_1 Pin=DD5-15
Added Pin To Net: NetName=NetDD3_10 Pin=DD6-11
Added Pin To Net: NetName=NetDD1_3 Pin=DD6-12
Added Pin To Net: NetName=D Pin=DD7-1
Added Pin To Net: NetName=D Pin=DD7-4
Added Pin To Net: NetName=D Pin=DD7-5
Added Pin To Net: NetName=D Pin=DD7-13
Added Pin To Net: NetName=D Pin=DD7-14
Added Pin To Net: NetName=NetDD1_8 Pin=DD7-15
Added Pin To Net: NetName=NetDD1_2 Pin=DD8-2
Added Pin To Net: NetName=D Pin=DD8-4
Added Pin To Net: NetName=+5V D Pin=DD8-5
Added Pin To Net: NetName=NetDD3_3 Pin=DD9-1
Added Pin To Net: NetName=NetDD1_2 Pin=DD9-2
Added Pin To Net: NetName=D Pin=DD9-4
Added Pin To Net: NetName=NetDD3_10 Pin=DD9-4
Added Pin To Net: NetName=+5V D Pin=DD9-5
Added Pin To Net: NetName=NetDD2_6 Pin=R21-1
Added Pin To Net: NetName=+5V A Pin=R25-2
Added Pin To Net: NetName=+5V A Pin=R26-2
Added Pin To Net: NetName=NetDD2_6 Pin=SB3-2
Change Net Name : Old Net Name=NetDD1_11 New Net Name=NetDD3_11
Change Net Name : Old Net Name=NetDD2_12 New Net Name=NetDD3_9
Added Pin To Net: NetName=NetDD1_10 Pin=DD1-10
Added Pin To Net: NetName=NetDD1_10 Pin=DD3-13
Added Pin To Net: NetName=NetDD1_10 Pin=R19-1
Added Pin To Net: NetName=NetDD1_10 Pin=SB1-2
Added Net: Name=NetDD1_10
Added Pin To Net: NetName=NetDD2_4 Pin=DD2-4
Added Pin To Net: NetName=NetDD2_4 Pin=R20-1
Added Pin To Net: NetName=NetDD2_4 Pin=SB2-2
Added Net: Name=NetDD2_4
Added Pin To Net: NetName=NetDD2_9 Pin=DD2-9
Added Pin To Net: NetName=NetDD2_9 Pin=DD5-1
Added Pin To Net: NetName=NetDD2_9 Pin=DD7-12
Added Net: Name=NetDD2_9
Added Pin To Net: NetName=NetDD2_12 Pin=DD2-12
Added Pin To Net: NetName=NetDD2_12 Pin=R22-1
Added Pin To Net: NetName=NetDD2_12 Pin=SB4-2
Added Net: Name=NetDD2_12
Added Pin To Net: NetName=NetDD6_13 Pin=DD6-13
Added Pin To Net: NetName=NetDD6_13 Pin=DD8-4
Added Net: Name=NetDD6_13
Added Pin To Net: NetName=NetDD7_3 Pin=DD7-3
Added Pin To Net: NetName=NetDD7_3 Pin=DD8-1
Added Net: Name=NetDD7_3
Added Member To Class: ClassName=Схема принципиальная111 Member=Component DA7 AD8561
Added Member To Class: ClassName=Схема принципиальная111 Member=Component DD9 ИЛИ №1 (1 компонент)
Added Room: Name=Схема принципиальная111
