Added Component: Designator=C1(0805)
Added Component: Designator=C2(0805)
Added Component: Designator=C3(0805)
Added Component: Designator=C4(0805)
Added Component: Designator=C5(0805)
Added Component: Designator=C6(ECAP SMD, 1 мкФ, 50В, Конденсатор электролитический алюминиевый SMD)
Added Component: Designator=C7(ECAP SMD, 1 мкФ, 50В, Конденсатор электролитический алюминиевый SMD)
Added Component: Designator=C8(ECAP SMD, 1 мкФ, 50В, Конденсатор электролитический алюминиевый SMD)
Added Component: Designator=C9(0805)
Added Component: Designator=C10(0805)
Added Component: Designator=C11(0805)
Added Component: Designator=C12(0805)
Added Component: Designator=C13(0805)
Added Component: Designator=C14(0805)
Added Component: Designator=C15(0805)
Added Component: Designator=C16(0805)
Added Component: Designator=C17(0805)
Added Component: Designator=C18(0805)
Added Component: Designator=C19(0805)
Added Component: Designator=C20(0805)
Added Component: Designator=C21(ECAP SMD, 1 мкФ, 50В, Конденсатор электролитический алюминиевый SMD)
Added Component: Designator=C22(ECAP SMD, 1 мкФ, 50В, Конденсатор электролитический алюминиевый SMD)
Added Component: Designator=C23(ECAP SMD, 1 мкФ, 50В, Конденсатор электролитический алюминиевый SMD)
Added Component: Designator=C24(ECAP SMD, 1 мкФ, 50В, Конденсатор электролитический алюминиевый SMD)
Added Component: Designator=C25(0805)
Added Component: Designator=C26(0805)
Added Component: Designator=C27(0805)
Added Component: Designator=C28(0805)
Added Component: Designator=C29(0805)
Added Component: Designator=C30(0805)
Added Component: Designator=C31(0805)
Added Component: Designator=C32(0805)
Added Component: Designator=C33(ECAP SMD, 1 мкФ, 50В, Конденсатор электролитический алюминиевый SMD)
Added Component: Designator=C34(ECAP SMD, 1 мкФ, 50В, Конденсатор электролитический алюминиевый SMD)
Added Component: Designator=C35(ECAP SMD, 1 мкФ, 50В, Конденсатор электролитический алюминиевый SMD)
Added Component: Designator=C36(ECAP SMD, 1 мкФ, 50В, Конденсатор электролитический алюминиевый SMD)
Added Component: Designator=DA1(SOIC-8)
Added Component: Designator=DA2(SOIC-8)
Added Component: Designator=DA3(SOIC-8)
Added Component: Designator=DA4(SOIC-8)
Added Component: Designator=DA5(SOIC-8)
Added Component: Designator=DA6(SOIC-8)
Added Component: Designator=DA7(SOIC-8)
Added Component: Designator=DA8(SOIC-8)
Added Component: Designator=DA9(SOIC-8)
Added Component: Designator=DA10(SOIC-8)
Added Component: Designator=DA11(SOIC-8)
Added Component: Designator=DA12(SOIC-8)
Added Component: Designator=DA13(SOIC-8)
Added Component: Designator=DD1(SOIC 14)
Added Component: Designator=DD2(SOIC 14)
Added Component: Designator=DD3(SOIC-8)
Added Component: Designator=DD4(SOIC-8)
Added Component: Designator=R1(0805)
Added Component: Designator=R2(0805)
Added Component: Designator=R3(0805)
Added Component: Designator=R4(0805)
Added Component: Designator=R5(0805)
Added Component: Designator=R6(0805)
Added Component: Designator=R7(0805)
Added Component: Designator=R8(0805)
Added Component: Designator=R9(0805)
Added Component: Designator=R10(0805)
Added Component: Designator=R11(0805)
Added Component: Designator=R12(0805)
Added Component: Designator=R13(0805)
Added Component: Designator=R14(0805)
Added Component: Designator=R15(0805)
Added Component: Designator=R16(0805)
Added Component: Designator=R17(0805)
Added Component: Designator=R18(0805)
Added Component: Designator=R19(0805)
Added Component: Designator=R20(0805)
Added Component: Designator=R21(0805)
Added Component: Designator=R22(0805)
Added Component: Designator=R23(0805)
Added Component: Designator=R24(0805)
Added Component: Designator=R25(0805)
Added Component: Designator=R26(0805)
Added Component: Designator=R27(0805)
Added Component: Designator=R28(0805)
Added Component: Designator=R29(0805)
Added Component: Designator=R30(0805)
Added Component: Designator=R31(0805)
Added Component: Designator=R32(0805)
Added Component: Designator=R33(0805)
Added Component: Designator=R34(0805)
Added Component: Designator=R35(0805)
Added Component: Designator=R36(0805)
Added Component: Designator=R37(0805)
Added Component: Designator=R38(0805)
Added Component: Designator=R39(0805)
Added Component: Designator=R40(0805)
Added Component: Designator=R41(0805)
Added Component: Designator=R42(0805)
Added Component: Designator=R130(0805)
Added Component: Designator=VD1(SOD-123)
Added Component: Designator=VD2(SOD-123)
Added Component: Designator=VT1(SOT23)
Added Component: Designator=VT2(SOT23)
Added Component: Designator=VT3(SOT23)
Added Component: Designator=VT4(SOT23)
Added Component: Designator=VT5(SOT23)
Added Component: Designator=VT6(SOT23)
Added Component: Designator=XS1(DG126-5.0-02P)
Added Component: Designator=XS2(DG126-5.0-02P)
Added Component: Designator=XS3(DG126-5.0-02P)
Added Component: Designator=XS4(DG126-5.0-02P)
Added Component: Designator=XS5(DG126-5.0-02P)
Added Pin To Net: NetName=+5V Pin=C2-1
Added Pin To Net: NetName=+5V Pin=C3-1
Added Pin To Net: NetName=+5V Pin=C4-1
Added Pin To Net: NetName=+5V Pin=C5-1
Added Pin To Net: NetName=+5V Pin=C6-2
Added Pin To Net: NetName=+5V Pin=C7-2
Added Pin To Net: NetName=+5V Pin=C8-2
Added Pin To Net: NetName=+5V Pin=DA10-2
Added Pin To Net: NetName=+5V Pin=DA13-3
Added Pin To Net: NetName=+5V Pin=XS3-1
Added Net: Name=+5V
Added Pin To Net: NetName=+15V Pin=C9-1
Added Pin To Net: NetName=+15V Pin=C10-1
Added Pin To Net: NetName=+15V Pin=C11-1
Added Pin To Net: NetName=+15V Pin=C12-1
Added Pin To Net: NetName=+15V Pin=C13-1
Added Pin To Net: NetName=+15V Pin=C14-1
Added Pin To Net: NetName=+15V Pin=C15-1
Added Pin To Net: NetName=+15V Pin=C16-1
Added Pin To Net: NetName=+15V Pin=C17-1
Added Pin To Net: NetName=+15V Pin=C18-1
Added Pin To Net: NetName=+15V Pin=C19-1
Added Pin To Net: NetName=+15V Pin=C20-1
Added Pin To Net: NetName=+15V Pin=C21-2
Added Pin To Net: NetName=+15V Pin=C22-2
Added Pin To Net: NetName=+15V Pin=C23-2
Added Pin To Net: NetName=+15V Pin=C24-2
Added Pin To Net: NetName=+15V Pin=DA1-8
Added Pin To Net: NetName=+15V Pin=DA2-1
Added Pin To Net: NetName=+15V Pin=DA3-1
Added Pin To Net: NetName=+15V Pin=DA4-8
Added Pin To Net: NetName=+15V Pin=DA5-8
Added Pin To Net: NetName=+15V Pin=DA7-8
Added Pin To Net: NetName=+15V Pin=DA8-8
Added Pin To Net: NetName=+15V Pin=DA9-8
Added Pin To Net: NetName=+15V Pin=DA12-8
Added Pin To Net: NetName=+15V Pin=DA13-8
Added Pin To Net: NetName=+15V Pin=DD1-5
Added Pin To Net: NetName=+15V Pin=DD2-5
Added Pin To Net: NetName=+15V Pin=DD4-4
Added Pin To Net: NetName=+15V Pin=R1-1
Added Pin To Net: NetName=+15V Pin=R12-1
Added Pin To Net: NetName=+15V Pin=R20-1
Added Pin To Net: NetName=+15V Pin=R24-1
Added Pin To Net: NetName=+15V Pin=R26-1
Added Pin To Net: NetName=+15V Pin=R29-1
Added Pin To Net: NetName=+15V Pin=VT1-2
Added Pin To Net: NetName=+15V Pin=VT2-2
Added Pin To Net: NetName=+15V Pin=XS1-1
Added Net: Name=+15V
Added Pin To Net: NetName=-15V Pin=C25-1
Added Pin To Net: NetName=-15V Pin=C26-1
Added Pin To Net: NetName=-15V Pin=C27-1
Added Pin To Net: NetName=-15V Pin=C28-1
Added Pin To Net: NetName=-15V Pin=C29-1
Added Pin To Net: NetName=-15V Pin=C30-1
Added Pin To Net: NetName=-15V Pin=C31-1
Added Pin To Net: NetName=-15V Pin=C32-1
Added Pin To Net: NetName=-15V Pin=C33-2
Added Pin To Net: NetName=-15V Pin=C34-2
Added Pin To Net: NetName=-15V Pin=C35-2
Added Pin To Net: NetName=-15V Pin=C36-2
Added Pin To Net: NetName=-15V Pin=DA2-4
Added Pin To Net: NetName=-15V Pin=DA3-4
Added Pin To Net: NetName=-15V Pin=DA10-4
Added Pin To Net: NetName=-15V Pin=DA11-4
Added Pin To Net: NetName=-15V Pin=R4-1
Added Pin To Net: NetName=-15V Pin=VT4-2
Added Pin To Net: NetName=-15V Pin=VT5-2
Added Pin To Net: NetName=-15V Pin=XS2-1
Added Net: Name=-15V
Added Pin To Net: NetName=A Pin=C1-1
Added Pin To Net: NetName=A Pin=C9-2
Added Pin To Net: NetName=A Pin=C10-2
Added Pin To Net: NetName=A Pin=C11-2
Added Pin To Net: NetName=A Pin=C12-2
Added Pin To Net: NetName=A Pin=C13-2
Added Pin To Net: NetName=A Pin=C14-2
Added Pin To Net: NetName=A Pin=C15-2
Added Pin To Net: NetName=A Pin=C16-2
Added Pin To Net: NetName=A Pin=C17-2
Added Pin To Net: NetName=A Pin=C18-2
Added Pin To Net: NetName=A Pin=C19-2
Added Pin To Net: NetName=A Pin=C20-2
Added Pin To Net: NetName=A Pin=C21-1
Added Pin To Net: NetName=A Pin=C22-1
Added Pin To Net: NetName=A Pin=C23-1
Added Pin To Net: NetName=A Pin=C24-1
Added Pin To Net: NetName=A Pin=C25-2
Added Pin To Net: NetName=A Pin=C26-2
Added Pin To Net: NetName=A Pin=C27-2
Added Pin To Net: NetName=A Pin=C28-2
Added Pin To Net: NetName=A Pin=C29-2
Added Pin To Net: NetName=A Pin=C30-2
Added Pin To Net: NetName=A Pin=C31-2
Added Pin To Net: NetName=A Pin=C32-2
Added Pin To Net: NetName=A Pin=C33-1
Added Pin To Net: NetName=A Pin=C34-1
Added Pin To Net: NetName=A Pin=C35-1
Added Pin To Net: NetName=A Pin=C36-1
Added Pin To Net: NetName=A Pin=DA3-2
Added Pin To Net: NetName=A Pin=DA3-3
Added Pin To Net: NetName=A Pin=DA3-4
Added Pin To Net: NetName=A Pin=DA4-3
Added Pin To Net: NetName=A Pin=DA4-4
Added Pin To Net: NetName=A Pin=DA6-8
Added Pin To Net: NetName=A Pin=DA8-3
Added Pin To Net: NetName=A Pin=DA10-6
Added Pin To Net: NetName=A Pin=DA10-7
Added Pin To Net: NetName=A Pin=DA10-8
Added Pin To Net: NetName=A Pin=DA11-8
Added Pin To Net: NetName=A Pin=DA12-2
Added Pin To Net: NetName=A Pin=DA12-3
Added Pin To Net: NetName=A Pin=DA12-4
Added Pin To Net: NetName=A Pin=DD1-3
Added Pin To Net: NetName=A Pin=DD1-5
Added Pin To Net: NetName=A Pin=DD1-9
Added Pin To Net: NetName=A Pin=DD1-11
Added Pin To Net: NetName=A Pin=DD1-14
Added Pin To Net: NetName=A Pin=DD2-4
Added Pin To Net: NetName=A Pin=DD2-6
Added Pin To Net: NetName=A Pin=DD2-8
Added Pin To Net: NetName=A Pin=DD2-9
Added Pin To Net: NetName=A Pin=DD2-10
Added Pin To Net: NetName=A Pin=DD2-11
Added Pin To Net: NetName=A Pin=DD2-14
Added Pin To Net: NetName=A Pin=DD4-8
Added Pin To Net: NetName=A Pin=R2-1
Added Pin To Net: NetName=A Pin=R5-1
Added Pin To Net: NetName=A Pin=R6-1
Added Pin To Net: NetName=A Pin=R8-1
Added Pin To Net: NetName=A Pin=R9-2
Added Pin To Net: NetName=A Pin=R14-1
Added Pin To Net: NetName=A Pin=R16-2
Added Pin To Net: NetName=A Pin=R17-2
Added Pin To Net: NetName=A Pin=R18-1
Added Pin To Net: NetName=A Pin=R21-1
Added Pin To Net: NetName=A Pin=R25-2
Added Pin To Net: NetName=A Pin=R27-1
Added Pin To Net: NetName=A Pin=R30-1
Added Pin To Net: NetName=A Pin=R31-1
Added Pin To Net: NetName=A Pin=R32-2
Added Pin To Net: NetName=A Pin=R33-1
Added Pin To Net: NetName=A Pin=R35-1
Added Pin To Net: NetName=A Pin=R36-1
Added Pin To Net: NetName=A Pin=R41-2
Added Pin To Net: NetName=A Pin=R42-2
Added Pin To Net: NetName=A Pin=XS1-2
Added Pin To Net: NetName=A Pin=XS2-2
Added Pin To Net: NetName=A Pin=XS4-2
Added Pin To Net: NetName=A Pin=XS5-2
Added Net: Name=A
Added Pin To Net: NetName=D Pin=C5-2
Added Pin To Net: NetName=D Pin=C6-1
Added Pin To Net: NetName=D Pin=XS3-2
Added Net: Name=D
Added Pin To Net: NetName=NetC1_2 Pin=C1-2
Added Pin To Net: NetName=NetC1_2 Pin=DA2-2
Added Pin To Net: NetName=NetC1_2 Pin=DA2-3
Added Pin To Net: NetName=NetC1_2 Pin=DA9-3
Added Pin To Net: NetName=NetC1_2 Pin=DA9-7
Added Pin To Net: NetName=NetC1_2 Pin=R10-2
Added Net: Name=NetC1_2
Added Pin To Net: NetName=NetDA1_1 Pin=DA1-1
Added Pin To Net: NetName=NetDA1_1 Pin=DA10-1
Added Pin To Net: NetName=NetDA1_1 Pin=R3-1
Added Net: Name=NetDA1_1
Added Pin To Net: NetName=NetDA1_2 Pin=DA1-2
Added Pin To Net: NetName=NetDA1_2 Pin=R3-2
Added Pin To Net: NetName=NetDA1_2 Pin=R5-2
Added Net: Name=NetDA1_2
Added Pin To Net: NetName=NetDA1_3 Pin=DA1-3
Added Pin To Net: NetName=NetDA1_3 Pin=DD1-2
Added Net: Name=NetDA1_3
Added Pin To Net: NetName=NetDA1_4 Pin=DA1-4
Added Pin To Net: NetName=NetDA1_4 Pin=DD1-13
Added Net: Name=NetDA1_4
Added Pin To Net: NetName=NetDA1_7 Pin=DA1-7
Added Pin To Net: NetName=NetDA1_7 Pin=R7-1
Added Net: Name=NetDA1_7
Added Pin To Net: NetName=NetDA2_1 Pin=DA2-1
Added Pin To Net: NetName=NetDA2_1 Pin=DD1-6
Added Pin To Net: NetName=NetDA2_1 Pin=DD1-8
Added Net: Name=NetDA2_1
Added Pin To Net: NetName=NetDA2_3 Pin=DA2-3
Added Pin To Net: NetName=NetDA2_3 Pin=R1-2
Added Pin To Net: NetName=NetDA2_3 Pin=R2-2
Added Net: Name=NetDA2_3
Added Pin To Net: NetName=NetDA2_4 Pin=DA2-4
Added Pin To Net: NetName=NetDA2_4 Pin=R4-2
Added Pin To Net: NetName=NetDA2_4 Pin=R6-2
Added Net: Name=NetDA2_4
Added Pin To Net: NetName=NetDA2_7 Pin=DA2-7
Added Pin To Net: NetName=NetDA2_7 Pin=DD1-10
Added Net: Name=NetDA2_7
Added Pin To Net: NetName=NetDA3_1 Pin=DA3-1
Added Pin To Net: NetName=NetDA3_1 Pin=DD3-6
Added Net: Name=NetDA3_1
Added Pin To Net: NetName=NetDA3_3 Pin=DA3-3
Added Pin To Net: NetName=NetDA3_3 Pin=DA8-2
Added Pin To Net: NetName=NetDA3_3 Pin=DA10-3
Added Pin To Net: NetName=NetDA3_3 Pin=R23-1
Added Net: Name=NetDA3_3
Added Pin To Net: NetName=NetDA4_1 Pin=DA4-1
Added Pin To Net: NetName=NetDA4_1 Pin=R34-2
Added Net: Name=NetDA4_1
Added Pin To Net: NetName=NetDA4_2 Pin=DA4-2
Added Pin To Net: NetName=NetDA4_2 Pin=R34-1
Added Pin To Net: NetName=NetDA4_2 Pin=R35-2
Added Net: Name=NetDA4_2
Added Pin To Net: NetName=NetDA4_3 Pin=DA4-3
Added Pin To Net: NetName=NetDA4_3 Pin=R36-2
Added Pin To Net: NetName=NetDA4_3 Pin=R37-1
Added Pin To Net: NetName=NetDA4_3 Pin=R38-1
Added Net: Name=NetDA4_3
Added Pin To Net: NetName=NetDA5_1 Pin=DA5-1
Added Pin To Net: NetName=NetDA5_1 Pin=DA5-2
Added Pin To Net: NetName=NetDA5_1 Pin=R130-1
Added Net: Name=NetDA5_1
Added Pin To Net: NetName=NetDA5_3 Pin=DA5-3
Added Pin To Net: NetName=NetDA5_3 Pin=R11-2
Added Pin To Net: NetName=NetDA5_3 Pin=R14-2
Added Net: Name=NetDA5_3
Added Pin To Net: NetName=NetDA5_7 Pin=DA5-7
Added Pin To Net: NetName=NetDA5_7 Pin=R15-1
Added Net: Name=NetDA5_7
Added Pin To Net: NetName=NetDA6_1 Pin=DA6-1
Added Pin To Net: NetName=NetDA6_1 Pin=R12-2
Added Pin To Net: NetName=NetDA6_1 Pin=R13-1
Added Pin To Net: NetName=NetDA6_1 Pin=R16-1
Added Net: Name=NetDA6_1
Added Pin To Net: NetName=NetDA6_2 Pin=DA6-2
Added Pin To Net: NetName=NetDA6_2 Pin=DA8-1
Added Pin To Net: NetName=NetDA6_2 Pin=DD3-3
Added Net: Name=NetDA6_2
Added Pin To Net: NetName=NetDA6_3 Pin=DA6-3
Added Pin To Net: NetName=NetDA6_3 Pin=DA11-1
Added Net: Name=NetDA6_3
Added Pin To Net: NetName=NetDA6_6 Pin=DA6-6
Added Pin To Net: NetName=NetDA6_6 Pin=R38-2
Added Net: Name=NetDA6_6
Added Pin To Net: NetName=NetDA6_7 Pin=DA6-7
Added Pin To Net: NetName=NetDA6_7 Pin=DD3-7
Added Net: Name=NetDA6_7
Added Pin To Net: NetName=NetDA6_15 Pin=R13-2
Added Pin To Net: NetName=NetDA6_15 Pin=R17-1
Added Net: Name=NetDA6_15
Added Pin To Net: NetName=NetDA7_1 Pin=DA7-1
Added Pin To Net: NetName=NetDA7_1 Pin=VD1-2
Added Net: Name=NetDA7_1
Added Pin To Net: NetName=NetDA7_3 Pin=DA7-3
Added Pin To Net: NetName=NetDA7_3 Pin=R20-2
Added Pin To Net: NetName=NetDA7_3 Pin=R21-2
Added Net: Name=NetDA7_3
Added Pin To Net: NetName=NetDA7_4 Pin=DA7-4
Added Pin To Net: NetName=NetDA7_4 Pin=R24-2
Added Pin To Net: NetName=NetDA7_4 Pin=R27-2
Added Net: Name=NetDA7_4
Added Pin To Net: NetName=NetDA7_7 Pin=DA7-7
Added Pin To Net: NetName=NetDA7_7 Pin=VD2-1
Added Net: Name=NetDA7_7
Added Pin To Net: NetName=NetDA8_3 Pin=DA8-3
Added Pin To Net: NetName=NetDA8_3 Pin=R22-2
Added Pin To Net: NetName=NetDA8_3 Pin=R28-1
Added Net: Name=NetDA8_3
Added Pin To Net: NetName=NetDA8_4 Pin=DA8-4
Added Pin To Net: NetName=NetDA8_4 Pin=R23-2
Added Pin To Net: NetName=NetDA8_4 Pin=R25-1
Added Net: Name=NetDA8_4
Added Pin To Net: NetName=NetDA8_7 Pin=DA8-7
Added Pin To Net: NetName=NetDA8_7 Pin=R22-1
Added Net: Name=NetDA8_7
Added Pin To Net: NetName=NetDA9_1 Pin=DA9-1
Added Pin To Net: NetName=NetDA9_1 Pin=DA12-3
Added Pin To Net: NetName=NetDA9_1 Pin=R19-2
Added Net: Name=NetDA9_1
Added Pin To Net: NetName=NetDA9_2 Pin=DA9-2
Added Pin To Net: NetName=NetDA9_2 Pin=R18-2
Added Pin To Net: NetName=NetDA9_2 Pin=R19-1
Added Net: Name=NetDA9_2
Added Pin To Net: NetName=NetDA9_3 Pin=DA9-3
Added Pin To Net: NetName=NetDA9_3 Pin=R9-1
Added Pin To Net: NetName=NetDA9_3 Pin=R10-1
Added Pin To Net: NetName=NetDA9_3 Pin=R130-2
Added Net: Name=NetDA9_3
Added Pin To Net: NetName=NetDA9_4 Pin=DA9-4
Added Pin To Net: NetName=NetDA9_4 Pin=R26-2
Added Pin To Net: NetName=NetDA9_4 Pin=R30-2
Added Net: Name=NetDA9_4
Added Pin To Net: NetName=NetDA10_2 Pin=DA10-2
Added Pin To Net: NetName=NetDA10_2 Pin=VT2-3
Added Net: Name=NetDA10_2
Added Pin To Net: NetName=NetDA10_16 Pin=VT5-3
Added Net: Name=NetDA10_16
Added Pin To Net: NetName=NetDA11_2 Pin=DA11-2
Added Pin To Net: NetName=NetDA11_2 Pin=DD3-2
Added Net: Name=NetDA11_2
Added Pin To Net: NetName=NetDA11_3 Pin=DA11-3
Added Pin To Net: NetName=NetDA11_3 Pin=R40-2
Added Pin To Net: NetName=NetDA11_3 Pin=R41-1
Added Net: Name=NetDA11_3
Added Pin To Net: NetName=NetDA11_6 Pin=DA11-6
Added Pin To Net: NetName=NetDA11_6 Pin=R37-2
Added Net: Name=NetDA11_6
Added Pin To Net: NetName=NetDA11_7 Pin=DA11-7
Added Net: Name=NetDA11_7
Added Pin To Net: NetName=NetDA11_16 Pin=DD2-1
Added Pin To Net: NetName=NetDA11_16 Pin=DD3-1
Added Net: Name=NetDA11_16
Added Pin To Net: NetName=NetDA12_1 Pin=DA12-1
Added Pin To Net: NetName=NetDA12_1 Pin=VT3-1
Added Net: Name=NetDA12_1
Added Pin To Net: NetName=NetDA12_7 Pin=DA12-7
Added Pin To Net: NetName=NetDA12_7 Pin=VT6-1
Added Net: Name=NetDA12_7
Added Pin To Net: NetName=NetDA13_2 Pin=DA13-2
Added Pin To Net: NetName=NetDA13_2 Pin=R39-1
Added Net: Name=NetDA13_2
Added Pin To Net: NetName=NetDA13_3 Pin=DA13-3
Added Pin To Net: NetName=NetDA13_3 Pin=R40-1
Added Net: Name=NetDA13_3
Added Pin To Net: NetName=NetDD1_4 Pin=DD1-4
Added Pin To Net: NetName=NetDD1_4 Pin=DD1-12
Added Pin To Net: NetName=NetDD1_4 Pin=DD2-3
Added Net: Name=NetDD1_4
Added Pin To Net: NetName=NetDD2_2 Pin=DD2-2
Added Pin To Net: NetName=NetDD2_2 Pin=DD2-5
Added Net: Name=NetDD2_2
Added Pin To Net: NetName=NetR28_2 Pin=R28-2
Added Pin To Net: NetName=NetR28_2 Pin=R29-2
Added Pin To Net: NetName=NetR28_2 Pin=R32-1
Added Net: Name=NetR28_2
Added Pin To Net: NetName=NetR31_2 Pin=R31-2
Added Pin To Net: NetName=NetR31_2 Pin=VT3-3
Added Net: Name=NetR31_2
Added Pin To Net: NetName=NetR33_2 Pin=R33-2
Added Pin To Net: NetName=NetR33_2 Pin=VT6-2
Added Net: Name=NetR33_2
Added Pin To Net: NetName=NetVT1_1 Pin=VT1-1
Added Pin To Net: NetName=NetVT1_1 Pin=VT1-3
Added Pin To Net: NetName=NetVT1_1 Pin=VT2-1
Added Pin To Net: NetName=NetVT1_1 Pin=VT3-2
Added Net: Name=NetVT1_1
Added Pin To Net: NetName=NetVT4_1 Pin=VT4-1
Added Pin To Net: NetName=NetVT4_1 Pin=VT4-3
Added Pin To Net: NetName=NetVT4_1 Pin=VT5-1
Added Pin To Net: NetName=NetVT4_1 Pin=VT6-3
Added Net: Name=NetVT4_1
Added Pin To Net: NetName=Vin Pin=DA5-4
Added Pin To Net: NetName=Vin Pin=XS4-1
Added Net: Name=Vin
Added Pin To Net: NetName=Vout Pin=DA13-1
Added Pin To Net: NetName=Vout Pin=R39-2
Added Pin To Net: NetName=Vout Pin=R42-1
Added Pin To Net: NetName=Vout Pin=XS5-1
Added Net: Name=Vout
Added Class: Name=СФ МЭИ ЛБ ПЭ2-18 11.03.04 03 Э3
Added Room: Name=СФ МЭИ ЛБ ПЭ2-18 11.03.04 03 Э3
