Added Component: Designator=C1(0805)
Added Component: Designator=C2(0805)
Added Component: Designator=C3(0805)
Added Component: Designator=C4(0805)
Added Component: Designator=DA1(SOIC-8)
Added Component: Designator=R1(0805)
Added Component: Designator=R2(0805)
Added Component: Designator=R3(0805)
Added Component: Designator=VD?(SOD-123)
Added Component: Designator=VT1(SOT23)
Added Component: Designator=XS1(DG126-5.0-02P)
Added Component: Designator=XS2(DG126-5.0-02P)
Added Pin To Net: NetName=NetDA1_3 Pin=DA1-3
Added Pin To Net: NetName=NetDA1_3 Pin=R1-1
Added Pin To Net: NetName=NetDA1_3 Pin=VD?-2
Added Pin To Net: NetName=GND Pin=C2-1
Added Pin To Net: NetName=GND Pin=C3-2
Added Pin To Net: NetName=GND Pin=C4-1
Added Pin To Net: NetName=GND Pin=DA1-4
Added Pin To Net: NetName=GND Pin=R3-1
Added Pin To Net: NetName=GND Pin=VD?-1
Added Pin To Net: NetName=GND Pin=XS1-2
Added Pin To Net: NetName=GND Pin=XS2-2
Added Net: Name=GND
Added Pin To Net: NetName=NetC1_1 Pin=C1-1
Added Pin To Net: NetName=NetC1_1 Pin=C2-2
Added Pin To Net: NetName=NetC1_1 Pin=DA1-5
Added Net: Name=NetC1_1
Added Pin To Net: NetName=NetC1_2 Pin=C1-2
Added Pin To Net: NetName=NetC1_2 Pin=DA1-6
Added Pin To Net: NetName=NetC1_2 Pin=VT1-1
Added Net: Name=NetC1_2
Added Pin To Net: NetName=NetC3_1 Pin=C3-1
Added Pin To Net: NetName=NetC3_1 Pin=C4-2
Added Pin To Net: NetName=NetC3_1 Pin=DA1-7
Added Pin To Net: NetName=NetC3_1 Pin=R1-2
Added Pin To Net: NetName=NetC3_1 Pin=R2-2
Added Pin To Net: NetName=NetC3_1 Pin=VT1-3
Added Pin To Net: NetName=NetC3_1 Pin=XS2-1
Added Net: Name=NetC3_1
Added Pin To Net: NetName=NetDA1_2 Pin=DA1-2
Added Pin To Net: NetName=NetDA1_2 Pin=R2-1
Added Pin To Net: NetName=NetDA1_2 Pin=R3-2
Added Net: Name=NetDA1_2
Added Pin To Net: NetName=NetVT1_2 Pin=VT1-2
Added Pin To Net: NetName=NetVT1_2 Pin=XS1-1
Added Net: Name=NetVT1_2
Added Class: Name=—хема принципиальна€
Added Room: Name=—хема принципиальна€
